02-22 22:43:06  INFO - main_logger [logger.py line 26] - Start training
02-22 22:43:06  INFO - main_logger [train.py line 43] - => will save everything to ./outputs/checkpoints/210222/224306
02-22 22:43:06  INFO - main_logger [train.py line 47] - => configurations 
 {'data': {'root_sintel': '/content/drive/MyDrive/data1/',
          'root_sintel_raw': '/content/drive/MyDrive/data1/',
          'run_at': False,
          'test_shape': [448, 1024],
          'train_n_frames': 2,
          'type': 'OCEANO',
          'val_n_frames': 2,
          'val_subsplit': 'val'},
 'data_aug': {'crop': True,
              'hflip': False,
              'para_crop': [384, 640],
              'swap': False},
 'loss': {'alpha': 10,
          'occ_from_back': True,
          'type': 'unflow',
          'w_l1': 0.15,
          'w_scales': [1.0, 1.0, 1.0, 1.0, 0.0],
          'w_sm_scales': [1.0, 0.0, 0.0, 0.0, 0.0],
          'w_smooth': 50.0,
          'w_ssim': 0.85,
          'w_ternary': 0.0,
          'warp_pad': 'border',
          'with_bk': True},
 'model': {'n_frames': 2,
           'reduce_dense': True,
           'type': 'pwclite',
           'upsample': True},
 'save_root': Path('./outputs/checkpoints/210222/224306'),
 'seed': 0,
 'train': {'batch_size': 4,
           'beta': 0.999,
           'bias_decay': 0,
           'epoch_num': 10,
           'epoch_size': 1000,
           'lr': 0.0001,
           'momentum': 0.9,
           'n_gpu': 1,
           'optim': 'adam',
           'pretrained_model': '/content/Projet-prat/outputs/oceano.tar',
           'print_freq': 10,
           'record_freq': 50,
           'save_iter': 10000,
           'stage1': {'epoch': 50,
                      'loss': {'occ_from_back': False,
                               'w_l1': 0.0,
                               'w_ssim': 0.0,
                               'w_ternary': 1.0}},
           'val_epoch_size': 1,
           'valid_size': 0,
           'weight_decay': 1e-06,
           'workers': 4},
 'trainer': 'OCEANO_Trainer'}
02-22 22:43:06  INFO - main_logger [basic_train.py line 14] - => fetching img pairs.
02-22 22:43:07  INFO - main_logger [basic_train.py line 20] - 5748 samples found, 1916 train samples and 3832 test samples 
02-22 22:43:09  INFO - main_logger [base_trainer.py line 57] - => using pre-trained weights /content/Projet-prat/outputs/oceano.tar.
02-22 22:43:09  INFO - main_logger [base_trainer.py line 74] - => setting Adam solver
02-22 22:43:10  INFO - main_logger [oceano_trainer.py line 74] - 0:0000/0479 Time  1.178 ( 1.178) Data  0.399 ( 0.399) Info  0.0136  0.0130  0.0006  0.1502 ( 0.0136  0.0130  0.0006  0.1502)
02-22 22:43:17  INFO - main_logger [oceano_trainer.py line 74] - 0:0010/0479 Time  0.616 ( 0.679) Data  0.033 ( 0.067) Info  0.0172  0.0165  0.0007  0.1507 ( 0.0153  0.0146  0.0007  0.1496)
02-22 22:43:23  INFO - main_logger [oceano_trainer.py line 74] - 0:0020/0479 Time  0.618 ( 0.651) Data  0.030 ( 0.050) Info  0.0178  0.0171  0.0007  0.1618 ( 0.0150  0.0144  0.0006  0.1442)
02-22 22:43:29  INFO - main_logger [oceano_trainer.py line 74] - 0:0030/0479 Time  0.622 ( 0.642) Data  0.032 ( 0.044) Info  0.0130  0.0123  0.0007  0.1458 ( 0.0149  0.0143  0.0006  0.1454)
02-22 22:43:35  INFO - main_logger [oceano_trainer.py line 74] - 0:0040/0479 Time  0.639 ( 0.639) Data  0.032 ( 0.041) Info  0.0131  0.0124  0.0007  0.1661 ( 0.0148  0.0142  0.0006  0.1468)
02-22 22:43:42  INFO - main_logger [oceano_trainer.py line 74] - 0:0050/0479 Time  0.642 ( 0.638) Data  0.032 ( 0.040) Info  0.0167  0.0162  0.0006  0.1412 ( 0.0148  0.0142  0.0006  0.1477)
02-22 22:43:48  INFO - main_logger [oceano_trainer.py line 74] - 0:0060/0479 Time  0.632 ( 0.639) Data  0.032 ( 0.039) Info  0.0161  0.0155  0.0006  0.1580 ( 0.0149  0.0143  0.0006  0.1492)
02-22 22:43:55  INFO - main_logger [oceano_trainer.py line 74] - 0:0070/0479 Time  0.638 ( 0.639) Data  0.032 ( 0.038) Info  0.0183  0.0177  0.0006  0.1494 ( 0.0149  0.0143  0.0006  0.1495)
02-22 22:44:01  INFO - main_logger [oceano_trainer.py line 74] - 0:0080/0479 Time  0.648 ( 0.640) Data  0.033 ( 0.037) Info  0.0151  0.0145  0.0006  0.1605 ( 0.0149  0.0143  0.0006  0.1510)
02-22 22:44:08  INFO - main_logger [oceano_trainer.py line 74] - 0:0090/0479 Time  0.654 ( 0.642) Data  0.033 ( 0.037) Info  0.0152  0.0146  0.0006  0.1727 ( 0.0149  0.0143  0.0006  0.1514)
02-22 22:44:14  INFO - main_logger [oceano_trainer.py line 74] - 0:0100/0479 Time  0.669 ( 0.644) Data  0.034 ( 0.036) Info  0.0137  0.0131  0.0006  0.1459 ( 0.0149  0.0143  0.0006  0.1518)
02-22 22:44:21  INFO - main_logger [oceano_trainer.py line 74] - 0:0110/0479 Time  0.661 ( 0.646) Data  0.034 ( 0.036) Info  0.0140  0.0133  0.0006  0.1550 ( 0.0149  0.0143  0.0006  0.1527)
02-22 22:44:28  INFO - main_logger [oceano_trainer.py line 74] - 0:0120/0479 Time  0.673 ( 0.648) Data  0.035 ( 0.036) Info  0.0140  0.0134  0.0006  0.1547 ( 0.0148  0.0142  0.0006  0.1531)
02-22 22:44:34  INFO - main_logger [oceano_trainer.py line 74] - 0:0130/0479 Time  0.690 ( 0.650) Data  0.034 ( 0.036) Info  0.0161  0.0155  0.0006  0.1566 ( 0.0148  0.0142  0.0006  0.1535)
02-22 22:44:41  INFO - main_logger [oceano_trainer.py line 74] - 0:0140/0479 Time  0.696 ( 0.653) Data  0.034 ( 0.036) Info  0.0156  0.0150  0.0006  0.1588 ( 0.0148  0.0142  0.0006  0.1542)
02-22 22:44:48  INFO - main_logger [oceano_trainer.py line 74] - 0:0150/0479 Time  0.682 ( 0.655) Data  0.034 ( 0.036) Info  0.0139  0.0133  0.0006  0.1628 ( 0.0148  0.0142  0.0006  0.1548)
02-22 22:44:55  INFO - main_logger [oceano_trainer.py line 74] - 0:0160/0479 Time  0.668 ( 0.657) Data  0.034 ( 0.035) Info  0.0157  0.0151  0.0006  0.1790 ( 0.0148  0.0142  0.0006  0.1553)
02-22 22:45:02  INFO - main_logger [oceano_trainer.py line 74] - 0:0170/0479 Time  0.662 ( 0.658) Data  0.034 ( 0.035) Info  0.0148  0.0141  0.0006  0.1564 ( 0.0148  0.0142  0.0006  0.1560)
02-22 22:45:08  INFO - main_logger [oceano_trainer.py line 74] - 0:0180/0479 Time  0.656 ( 0.658) Data  0.034 ( 0.035) Info  0.0165  0.0159  0.0006  0.1634 ( 0.0148  0.0142  0.0006  0.1566)
02-22 22:45:15  INFO - main_logger [oceano_trainer.py line 74] - 0:0190/0479 Time  0.662 ( 0.658) Data  0.034 ( 0.035) Info  0.0135  0.0129  0.0006  0.1503 ( 0.0148  0.0142  0.0006  0.1572)
02-22 22:45:22  INFO - main_logger [oceano_trainer.py line 74] - 0:0200/0479 Time  0.666 ( 0.659) Data  0.034 ( 0.035) Info  0.0135  0.0129  0.0006  0.1754 ( 0.0148  0.0142  0.0006  0.1579)
02-22 22:45:28  INFO - main_logger [oceano_trainer.py line 74] - 0:0210/0479 Time  0.659 ( 0.659) Data  0.034 ( 0.035) Info  0.0152  0.0146  0.0006  0.1725 ( 0.0148  0.0142  0.0006  0.1581)
02-22 22:45:35  INFO - main_logger [oceano_trainer.py line 74] - 0:0220/0479 Time  0.674 ( 0.659) Data  0.034 ( 0.035) Info  0.0129  0.0123  0.0006  0.1559 ( 0.0148  0.0142  0.0006  0.1584)
02-22 22:45:41  INFO - main_logger [oceano_trainer.py line 74] - 0:0230/0479 Time  0.665 ( 0.659) Data  0.034 ( 0.035) Info  0.0147  0.0141  0.0006  0.1847 ( 0.0148  0.0142  0.0006  0.1591)
02-22 22:45:48  INFO - main_logger [oceano_trainer.py line 74] - 0:0240/0479 Time  0.679 ( 0.660) Data  0.033 ( 0.035) Info  0.0134  0.0128  0.0007  0.1736 ( 0.0148  0.0142  0.0006  0.1595)
02-22 22:45:55  INFO - main_logger [oceano_trainer.py line 74] - 0:0250/0479 Time  0.672 ( 0.660) Data  0.034 ( 0.035) Info  0.0138  0.0132  0.0006  0.1905 ( 0.0148  0.0142  0.0006  0.1599)
02-22 22:46:02  INFO - main_logger [oceano_trainer.py line 74] - 0:0260/0479 Time  0.665 ( 0.661) Data  0.033 ( 0.035) Info  0.0146  0.0140  0.0006  0.1699 ( 0.0148  0.0141  0.0006  0.1602)
02-22 22:46:08  INFO - main_logger [oceano_trainer.py line 74] - 0:0270/0479 Time  0.669 ( 0.661) Data  0.034 ( 0.035) Info  0.0146  0.0141  0.0006  0.1644 ( 0.0148  0.0142  0.0006  0.1609)
02-22 22:46:15  INFO - main_logger [oceano_trainer.py line 74] - 0:0280/0479 Time  0.675 ( 0.661) Data  0.034 ( 0.035) Info  0.0155  0.0149  0.0006  0.1630 ( 0.0148  0.0142  0.0006  0.1613)
02-22 22:46:22  INFO - main_logger [oceano_trainer.py line 74] - 0:0290/0479 Time  0.687 ( 0.662) Data  0.034 ( 0.035) Info  0.0168  0.0162  0.0006  0.1650 ( 0.0148  0.0142  0.0006  0.1617)
02-22 22:46:28  INFO - main_logger [oceano_trainer.py line 74] - 0:0300/0479 Time  0.679 ( 0.662) Data  0.034 ( 0.035) Info  0.0149  0.0143  0.0006  0.1850 ( 0.0148  0.0142  0.0006  0.1621)
02-22 22:46:35  INFO - main_logger [oceano_trainer.py line 74] - 0:0310/0479 Time  0.665 ( 0.662) Data  0.033 ( 0.035) Info  0.0135  0.0128  0.0007  0.1804 ( 0.0148  0.0142  0.0006  0.1623)
02-22 22:46:42  INFO - main_logger [oceano_trainer.py line 74] - 0:0320/0479 Time  0.661 ( 0.662) Data  0.034 ( 0.035) Info  0.0186  0.0180  0.0006  0.1885 ( 0.0148  0.0142  0.0006  0.1626)
02-22 22:46:48  INFO - main_logger [oceano_trainer.py line 74] - 0:0330/0479 Time  0.669 ( 0.663) Data  0.033 ( 0.035) Info  0.0121  0.0115  0.0006  0.1506 ( 0.0148  0.0142  0.0006  0.1629)
02-22 22:46:55  INFO - main_logger [oceano_trainer.py line 74] - 0:0340/0479 Time  0.662 ( 0.663) Data  0.034 ( 0.035) Info  0.0137  0.0132  0.0006  0.1660 ( 0.0148  0.0142  0.0006  0.1632)
02-22 22:47:02  INFO - main_logger [oceano_trainer.py line 74] - 0:0350/0479 Time  0.668 ( 0.663) Data  0.035 ( 0.035) Info  0.0162  0.0156  0.0006  0.1683 ( 0.0148  0.0142  0.0006  0.1635)
02-22 22:47:08  INFO - main_logger [oceano_trainer.py line 74] - 0:0360/0479 Time  0.667 ( 0.663) Data  0.034 ( 0.034) Info  0.0188  0.0182  0.0005  0.1714 ( 0.0148  0.0142  0.0006  0.1637)
02-22 22:47:15  INFO - main_logger [oceano_trainer.py line 74] - 0:0370/0479 Time  0.666 ( 0.663) Data  0.035 ( 0.034) Info  0.0181  0.0173  0.0008  0.2080 ( 0.0148  0.0142  0.0006  0.1640)
02-22 22:47:22  INFO - main_logger [oceano_trainer.py line 74] - 0:0380/0479 Time  0.667 ( 0.663) Data  0.034 ( 0.034) Info  0.0147  0.0140  0.0007  0.1759 ( 0.0148  0.0142  0.0006  0.1643)
02-22 22:47:28  INFO - main_logger [oceano_trainer.py line 74] - 0:0390/0479 Time  0.666 ( 0.663) Data  0.034 ( 0.034) Info  0.0157  0.0152  0.0006  0.1842 ( 0.0148  0.0142  0.0006  0.1645)
02-22 22:47:35  INFO - main_logger [oceano_trainer.py line 74] - 0:0400/0479 Time  0.667 ( 0.663) Data  0.034 ( 0.034) Info  0.0129  0.0123  0.0006  0.1664 ( 0.0148  0.0142  0.0006  0.1648)
02-22 22:47:42  INFO - main_logger [oceano_trainer.py line 74] - 0:0410/0479 Time  0.671 ( 0.663) Data  0.033 ( 0.034) Info  0.0160  0.0154  0.0006  0.1746 ( 0.0148  0.0141  0.0006  0.1650)
02-22 22:47:48  INFO - main_logger [oceano_trainer.py line 74] - 0:0420/0479 Time  0.660 ( 0.663) Data  0.035 ( 0.034) Info  0.0156  0.0149  0.0006  0.1850 ( 0.0148  0.0141  0.0006  0.1651)
02-22 22:47:55  INFO - main_logger [oceano_trainer.py line 74] - 0:0430/0479 Time  0.670 ( 0.663) Data  0.034 ( 0.034) Info  0.0135  0.0129  0.0006  0.1759 ( 0.0148  0.0142  0.0006  0.1655)
02-22 22:48:02  INFO - main_logger [oceano_trainer.py line 74] - 0:0440/0479 Time  0.662 ( 0.664) Data  0.034 ( 0.034) Info  0.0157  0.0151  0.0006  0.1853 ( 0.0148  0.0142  0.0006  0.1658)
02-22 22:48:08  INFO - main_logger [oceano_trainer.py line 74] - 0:0450/0479 Time  0.667 ( 0.664) Data  0.034 ( 0.034) Info  0.0138  0.0132  0.0006  0.1693 ( 0.0148  0.0142  0.0006  0.1660)
02-22 22:48:15  INFO - main_logger [oceano_trainer.py line 74] - 0:0460/0479 Time  0.661 ( 0.664) Data  0.033 ( 0.034) Info  0.0188  0.0181  0.0006  0.1754 ( 0.0148  0.0142  0.0006  0.1662)
02-22 22:48:22  INFO - main_logger [oceano_trainer.py line 74] - 0:0470/0479 Time  0.672 ( 0.664) Data  0.034 ( 0.034) Info  0.0184  0.0177  0.0007  0.1983 ( 0.0148  0.0142  0.0006  0.1665)
02-22 22:48:29  INFO - main_logger [oceano_trainer.py line 74] - 1:0001/0479 Time  0.670 ( 1.037) Data  0.034 ( 0.251) Info  0.0149  0.0142  0.0006  0.1775 ( 0.0145  0.0139  0.0006  0.1723)
02-22 22:48:36  INFO - main_logger [oceano_trainer.py line 74] - 1:0011/0479 Time  0.675 ( 0.730) Data  0.034 ( 0.070) Info  0.0167  0.0161  0.0006  0.1880 ( 0.0152  0.0146  0.0006  0.1799)
02-22 22:48:43  INFO - main_logger [oceano_trainer.py line 74] - 1:0021/0479 Time  0.674 ( 0.702) Data  0.034 ( 0.054) Info  0.0167  0.0161  0.0006  0.1824 ( 0.0148  0.0142  0.0006  0.1786)
02-22 22:48:49  INFO - main_logger [oceano_trainer.py line 74] - 1:0031/0479 Time  0.672 ( 0.691) Data  0.034 ( 0.047) Info  0.0139  0.0133  0.0006  0.1788 ( 0.0147  0.0141  0.0006  0.1784)
02-22 22:48:56  INFO - main_logger [oceano_trainer.py line 74] - 1:0041/0479 Time  0.663 ( 0.686) Data  0.034 ( 0.044) Info  0.0170  0.0164  0.0006  0.1766 ( 0.0147  0.0141  0.0006  0.1781)
02-22 22:49:03  INFO - main_logger [oceano_trainer.py line 74] - 1:0051/0479 Time  0.671 ( 0.683) Data  0.034 ( 0.042) Info  0.0150  0.0144  0.0006  0.1830 ( 0.0147  0.0141  0.0006  0.1775)
02-22 22:49:09  INFO - main_logger [oceano_trainer.py line 74] - 1:0061/0479 Time  0.669 ( 0.681) Data  0.034 ( 0.041) Info  0.0136  0.0130  0.0006  0.2065 ( 0.0147  0.0140  0.0006  0.1781)
02-22 22:49:16  INFO - main_logger [oceano_trainer.py line 74] - 1:0071/0479 Time  0.666 ( 0.678) Data  0.034 ( 0.040) Info  0.0151  0.0146  0.0005  0.1801 ( 0.0146  0.0140  0.0006  0.1779)
02-22 22:49:23  INFO - main_logger [oceano_trainer.py line 74] - 1:0081/0479 Time  0.664 ( 0.677) Data  0.034 ( 0.039) Info  0.0169  0.0163  0.0006  0.1866 ( 0.0147  0.0141  0.0006  0.1785)
02-22 22:49:29  INFO - main_logger [oceano_trainer.py line 74] - 1:0091/0479 Time  0.669 ( 0.676) Data  0.034 ( 0.039) Info  0.0131  0.0125  0.0006  0.1769 ( 0.0146  0.0140  0.0006  0.1780)
02-22 22:49:36  INFO - main_logger [oceano_trainer.py line 74] - 1:0101/0479 Time  0.670 ( 0.675) Data  0.034 ( 0.038) Info  0.0148  0.0142  0.0006  0.1767 ( 0.0146  0.0140  0.0006  0.1781)
02-22 22:49:43  INFO - main_logger [oceano_trainer.py line 74] - 1:0111/0479 Time  0.668 ( 0.675) Data  0.034 ( 0.038) Info  0.0136  0.0130  0.0006  0.1684 ( 0.0147  0.0141  0.0006  0.1787)
02-22 22:49:49  INFO - main_logger [oceano_trainer.py line 74] - 1:0121/0479 Time  0.667 ( 0.674) Data  0.034 ( 0.037) Info  0.0122  0.0115  0.0007  0.1704 ( 0.0146  0.0140  0.0006  0.1787)
02-22 22:49:56  INFO - main_logger [oceano_trainer.py line 74] - 1:0131/0479 Time  0.662 ( 0.674) Data  0.033 ( 0.037) Info  0.0140  0.0134  0.0006  0.1928 ( 0.0147  0.0141  0.0006  0.1789)
02-22 22:50:03  INFO - main_logger [oceano_trainer.py line 74] - 1:0141/0479 Time  0.670 ( 0.673) Data  0.034 ( 0.037) Info  0.0134  0.0128  0.0006  0.1721 ( 0.0146  0.0140  0.0006  0.1787)
02-22 22:50:09  INFO - main_logger [oceano_trainer.py line 74] - 1:0151/0479 Time  0.659 ( 0.673) Data  0.034 ( 0.037) Info  0.0135  0.0130  0.0006  0.1844 ( 0.0146  0.0140  0.0006  0.1784)
02-22 22:50:16  INFO - main_logger [oceano_trainer.py line 74] - 1:0161/0479 Time  0.659 ( 0.673) Data  0.034 ( 0.037) Info  0.0138  0.0132  0.0006  0.1892 ( 0.0146  0.0140  0.0006  0.1785)
02-22 22:50:23  INFO - main_logger [oceano_trainer.py line 74] - 1:0171/0479 Time  0.673 ( 0.672) Data  0.034 ( 0.036) Info  0.0138  0.0132  0.0006  0.1795 ( 0.0145  0.0139  0.0006  0.1782)
02-22 22:50:30  INFO - main_logger [oceano_trainer.py line 74] - 1:0181/0479 Time  0.670 ( 0.672) Data  0.034 ( 0.036) Info  0.0129  0.0122  0.0006  0.1852 ( 0.0145  0.0139  0.0006  0.1782)
02-22 22:50:36  INFO - main_logger [oceano_trainer.py line 74] - 1:0191/0479 Time  0.668 ( 0.672) Data  0.034 ( 0.036) Info  0.0129  0.0122  0.0007  0.1731 ( 0.0145  0.0139  0.0006  0.1781)
02-22 22:50:43  INFO - main_logger [oceano_trainer.py line 74] - 1:0201/0479 Time  0.673 ( 0.671) Data  0.034 ( 0.036) Info  0.0155  0.0149  0.0006  0.1748 ( 0.0145  0.0139  0.0006  0.1778)
02-22 22:50:49  INFO - main_logger [oceano_trainer.py line 74] - 1:0211/0479 Time  0.671 ( 0.671) Data  0.034 ( 0.036) Info  0.0134  0.0128  0.0006  0.1816 ( 0.0145  0.0139  0.0006  0.1778)
02-22 22:50:56  INFO - main_logger [oceano_trainer.py line 74] - 1:0221/0479 Time  0.665 ( 0.671) Data  0.034 ( 0.036) Info  0.0138  0.0131  0.0007  0.1891 ( 0.0144  0.0138  0.0006  0.1777)
02-22 22:51:03  INFO - main_logger [oceano_trainer.py line 74] - 1:0231/0479 Time  0.667 ( 0.671) Data  0.034 ( 0.036) Info  0.0164  0.0158  0.0006  0.2176 ( 0.0145  0.0138  0.0006  0.1780)
02-22 22:51:10  INFO - main_logger [oceano_trainer.py line 74] - 1:0241/0479 Time  0.664 ( 0.671) Data  0.034 ( 0.036) Info  0.0149  0.0143  0.0006  0.2069 ( 0.0145  0.0139  0.0006  0.1784)
02-22 22:51:16  INFO - main_logger [oceano_trainer.py line 74] - 1:0251/0479 Time  0.668 ( 0.671) Data  0.034 ( 0.036) Info  0.0215  0.0208  0.0007  0.1981 ( 0.0145  0.0139  0.0006  0.1783)
02-22 22:51:23  INFO - main_logger [oceano_trainer.py line 74] - 1:0261/0479 Time  0.670 ( 0.671) Data  0.036 ( 0.036) Info  0.0148  0.0143  0.0005  0.1749 ( 0.0145  0.0139  0.0006  0.1784)
02-22 22:51:30  INFO - main_logger [oceano_trainer.py line 74] - 1:0271/0479 Time  0.673 ( 0.670) Data  0.034 ( 0.035) Info  0.0114  0.0108  0.0007  0.1792 ( 0.0145  0.0139  0.0006  0.1784)
02-22 22:51:36  INFO - main_logger [oceano_trainer.py line 74] - 1:0281/0479 Time  0.664 ( 0.670) Data  0.033 ( 0.035) Info  0.0133  0.0127  0.0006  0.1798 ( 0.0145  0.0138  0.0006  0.1783)
02-22 22:51:43  INFO - main_logger [oceano_trainer.py line 74] - 1:0291/0479 Time  0.665 ( 0.670) Data  0.034 ( 0.035) Info  0.0143  0.0137  0.0006  0.1812 ( 0.0144  0.0138  0.0006  0.1784)
02-22 22:51:50  INFO - main_logger [oceano_trainer.py line 74] - 1:0301/0479 Time  0.674 ( 0.670) Data  0.034 ( 0.035) Info  0.0151  0.0144  0.0006  0.1850 ( 0.0144  0.0138  0.0006  0.1785)
02-22 22:51:56  INFO - main_logger [oceano_trainer.py line 74] - 1:0311/0479 Time  0.665 ( 0.670) Data  0.034 ( 0.035) Info  0.0127  0.0121  0.0006  0.1743 ( 0.0144  0.0138  0.0006  0.1786)
02-22 22:52:03  INFO - main_logger [oceano_trainer.py line 74] - 1:0321/0479 Time  0.659 ( 0.670) Data  0.034 ( 0.035) Info  0.0132  0.0126  0.0006  0.1771 ( 0.0144  0.0138  0.0006  0.1787)
02-22 22:52:10  INFO - main_logger [oceano_trainer.py line 74] - 1:0331/0479 Time  0.664 ( 0.670) Data  0.033 ( 0.035) Info  0.0128  0.0121  0.0007  0.1834 ( 0.0144  0.0138  0.0006  0.1789)
02-22 22:52:16  INFO - main_logger [oceano_trainer.py line 74] - 1:0341/0479 Time  0.672 ( 0.670) Data  0.034 ( 0.035) Info  0.0151  0.0144  0.0006  0.1877 ( 0.0144  0.0138  0.0006  0.1791)
02-22 22:52:23  INFO - main_logger [oceano_trainer.py line 74] - 1:0351/0479 Time  0.669 ( 0.669) Data  0.034 ( 0.035) Info  0.0156  0.0150  0.0006  0.1774 ( 0.0144  0.0138  0.0006  0.1792)
02-22 22:52:30  INFO - main_logger [oceano_trainer.py line 74] - 1:0361/0479 Time  0.663 ( 0.669) Data  0.033 ( 0.035) Info  0.0149  0.0143  0.0006  0.1832 ( 0.0144  0.0138  0.0006  0.1793)
02-22 22:52:36  INFO - main_logger [oceano_trainer.py line 74] - 1:0371/0479 Time  0.669 ( 0.669) Data  0.034 ( 0.035) Info  0.0155  0.0148  0.0006  0.1677 ( 0.0144  0.0138  0.0006  0.1792)
02-22 22:52:43  INFO - main_logger [oceano_trainer.py line 74] - 1:0381/0479 Time  0.667 ( 0.669) Data  0.034 ( 0.035) Info  0.0146  0.0140  0.0006  0.1852 ( 0.0144  0.0138  0.0006  0.1793)
02-22 22:52:50  INFO - main_logger [oceano_trainer.py line 74] - 1:0391/0479 Time  0.671 ( 0.669) Data  0.034 ( 0.035) Info  0.0131  0.0125  0.0006  0.1837 ( 0.0144  0.0138  0.0006  0.1793)
02-22 22:52:56  INFO - main_logger [oceano_trainer.py line 74] - 1:0401/0479 Time  0.664 ( 0.669) Data  0.033 ( 0.035) Info  0.0128  0.0122  0.0006  0.1659 ( 0.0144  0.0138  0.0006  0.1793)
02-22 22:53:03  INFO - main_logger [oceano_trainer.py line 74] - 1:0411/0479 Time  0.668 ( 0.669) Data  0.034 ( 0.035) Info  0.0139  0.0133  0.0006  0.1797 ( 0.0144  0.0137  0.0006  0.1793)
02-22 22:53:09  INFO - main_logger [oceano_trainer.py line 74] - 1:0421/0479 Time  0.670 ( 0.669) Data  0.034 ( 0.035) Info  0.0151  0.0145  0.0006  0.1808 ( 0.0144  0.0137  0.0006  0.1792)
02-22 22:53:16  INFO - main_logger [oceano_trainer.py line 74] - 1:0431/0479 Time  0.660 ( 0.669) Data  0.034 ( 0.035) Info  0.0157  0.0151  0.0006  0.1812 ( 0.0144  0.0138  0.0006  0.1794)
02-22 22:53:23  INFO - main_logger [oceano_trainer.py line 74] - 1:0441/0479 Time  0.662 ( 0.669) Data  0.034 ( 0.035) Info  0.0166  0.0160  0.0006  0.1773 ( 0.0144  0.0138  0.0006  0.1795)
02-22 22:53:29  INFO - main_logger [oceano_trainer.py line 74] - 1:0451/0479 Time  0.671 ( 0.669) Data  0.034 ( 0.035) Info  0.0120  0.0114  0.0006  0.1769 ( 0.0144  0.0138  0.0006  0.1796)
02-22 22:53:36  INFO - main_logger [oceano_trainer.py line 74] - 1:0461/0479 Time  0.669 ( 0.669) Data  0.034 ( 0.035) Info  0.0129  0.0123  0.0007  0.1776 ( 0.0144  0.0138  0.0006  0.1798)
02-22 22:53:43  INFO - main_logger [oceano_trainer.py line 74] - 1:0471/0479 Time  0.665 ( 0.669) Data  0.033 ( 0.035) Info  0.0155  0.0149  0.0006  0.1765 ( 0.0144  0.0138  0.0006  0.1798)
02-22 22:53:50  INFO - main_logger [oceano_trainer.py line 74] - 2:0002/0479 Time  0.662 ( 0.917) Data  0.034 ( 0.207) Info  0.0115  0.0109  0.0006  0.1666 ( 0.0134  0.0128  0.0006  0.1813)
02-22 22:53:57  INFO - main_logger [oceano_trainer.py line 74] - 2:0012/0479 Time  0.674 ( 0.723) Data  0.034 ( 0.074) Info  0.0130  0.0124  0.0006  0.1665 ( 0.0137  0.0130  0.0006  0.1791)
02-22 22:54:04  INFO - main_logger [oceano_trainer.py line 74] - 2:0022/0479 Time  0.664 ( 0.698) Data  0.034 ( 0.056) Info  0.0145  0.0139  0.0006  0.1781 ( 0.0138  0.0132  0.0006  0.1793)
02-22 22:54:10  INFO - main_logger [oceano_trainer.py line 74] - 2:0032/0479 Time  0.669 ( 0.689) Data  0.034 ( 0.050) Info  0.0145  0.0139  0.0006  0.1625 ( 0.0141  0.0135  0.0006  0.1816)
02-22 22:54:17  INFO - main_logger [oceano_trainer.py line 74] - 2:0042/0479 Time  0.667 ( 0.685) Data  0.034 ( 0.046) Info  0.0148  0.0142  0.0006  0.1702 ( 0.0140  0.0134  0.0006  0.1807)
02-22 22:54:24  INFO - main_logger [oceano_trainer.py line 74] - 2:0052/0479 Time  0.663 ( 0.681) Data  0.034 ( 0.044) Info  0.0161  0.0155  0.0006  0.1971 ( 0.0142  0.0135  0.0006  0.1822)
02-22 22:54:30  INFO - main_logger [oceano_trainer.py line 74] - 2:0062/0479 Time  0.671 ( 0.679) Data  0.034 ( 0.042) Info  0.0136  0.0129  0.0007  0.2257 ( 0.0142  0.0136  0.0006  0.1832)
02-22 22:54:37  INFO - main_logger [oceano_trainer.py line 74] - 2:0072/0479 Time  0.668 ( 0.677) Data  0.034 ( 0.041) Info  0.0171  0.0165  0.0006  0.2084 ( 0.0143  0.0136  0.0006  0.1832)
02-22 22:54:44  INFO - main_logger [oceano_trainer.py line 74] - 2:0082/0479 Time  0.665 ( 0.676) Data  0.034 ( 0.040) Info  0.0126  0.0119  0.0006  0.1788 ( 0.0142  0.0136  0.0006  0.1832)
02-22 22:54:50  INFO - main_logger [oceano_trainer.py line 74] - 2:0092/0479 Time  0.670 ( 0.675) Data  0.034 ( 0.039) Info  0.0132  0.0125  0.0006  0.1670 ( 0.0143  0.0136  0.0006  0.1827)
02-22 22:54:57  INFO - main_logger [oceano_trainer.py line 74] - 2:0102/0479 Time  0.662 ( 0.675) Data  0.034 ( 0.039) Info  0.0126  0.0121  0.0006  0.1674 ( 0.0142  0.0135  0.0006  0.1827)
02-22 22:55:04  INFO - main_logger [oceano_trainer.py line 74] - 2:0112/0479 Time  0.664 ( 0.674) Data  0.034 ( 0.038) Info  0.0122  0.0115  0.0007  0.1825 ( 0.0142  0.0136  0.0006  0.1825)
02-22 22:55:10  INFO - main_logger [oceano_trainer.py line 74] - 2:0122/0479 Time  0.663 ( 0.673) Data  0.033 ( 0.038) Info  0.0165  0.0159  0.0006  0.1802 ( 0.0143  0.0136  0.0006  0.1826)
02-22 22:55:17  INFO - main_logger [oceano_trainer.py line 74] - 2:0132/0479 Time  0.669 ( 0.673) Data  0.033 ( 0.038) Info  0.0140  0.0133  0.0007  0.1903 ( 0.0142  0.0136  0.0006  0.1828)
02-22 22:55:24  INFO - main_logger [oceano_trainer.py line 74] - 2:0142/0479 Time  0.670 ( 0.673) Data  0.034 ( 0.037) Info  0.0170  0.0163  0.0008  0.2039 ( 0.0143  0.0137  0.0006  0.1831)
02-22 22:55:30  INFO - main_logger [oceano_trainer.py line 74] - 2:0152/0479 Time  0.664 ( 0.672) Data  0.033 ( 0.037) Info  0.0152  0.0145  0.0006  0.1832 ( 0.0143  0.0137  0.0006  0.1832)
02-22 22:55:37  INFO - main_logger [oceano_trainer.py line 74] - 2:0162/0479 Time  0.663 ( 0.672) Data  0.034 ( 0.037) Info  0.0168  0.0162  0.0006  0.1987 ( 0.0143  0.0137  0.0006  0.1833)
02-22 22:55:44  INFO - main_logger [oceano_trainer.py line 74] - 2:0172/0479 Time  0.658 ( 0.671) Data  0.034 ( 0.037) Info  0.0166  0.0160  0.0006  0.1794 ( 0.0143  0.0136  0.0006  0.1834)
02-22 22:55:50  INFO - main_logger [oceano_trainer.py line 74] - 2:0182/0479 Time  0.664 ( 0.671) Data  0.033 ( 0.037) Info  0.0149  0.0143  0.0006  0.1901 ( 0.0143  0.0137  0.0006  0.1835)
02-22 22:55:57  INFO - main_logger [oceano_trainer.py line 74] - 2:0192/0479 Time  0.669 ( 0.671) Data  0.034 ( 0.037) Info  0.0158  0.0151  0.0006  0.1854 ( 0.0143  0.0136  0.0006  0.1834)
02-22 22:56:04  INFO - main_logger [oceano_trainer.py line 74] - 2:0202/0479 Time  0.668 ( 0.671) Data  0.034 ( 0.036) Info  0.0156  0.0150  0.0006  0.1906 ( 0.0142  0.0136  0.0006  0.1835)
02-22 22:56:10  INFO - main_logger [oceano_trainer.py line 74] - 2:0212/0479 Time  0.674 ( 0.671) Data  0.034 ( 0.036) Info  0.0129  0.0122  0.0007  0.1822 ( 0.0142  0.0136  0.0006  0.1836)
02-22 22:56:17  INFO - main_logger [oceano_trainer.py line 74] - 2:0222/0479 Time  0.667 ( 0.671) Data  0.034 ( 0.036) Info  0.0159  0.0153  0.0006  0.1829 ( 0.0143  0.0136  0.0006  0.1838)
02-22 22:56:24  INFO - main_logger [oceano_trainer.py line 74] - 2:0232/0479 Time  0.669 ( 0.671) Data  0.034 ( 0.036) Info  0.0149  0.0142  0.0007  0.1812 ( 0.0142  0.0136  0.0006  0.1837)
02-22 22:56:30  INFO - main_logger [oceano_trainer.py line 74] - 2:0242/0479 Time  0.670 ( 0.670) Data  0.034 ( 0.036) Info  0.0124  0.0118  0.0006  0.1806 ( 0.0142  0.0136  0.0006  0.1836)
02-22 22:56:37  INFO - main_logger [oceano_trainer.py line 74] - 2:0252/0479 Time  0.672 ( 0.670) Data  0.034 ( 0.036) Info  0.0122  0.0116  0.0007  0.1667 ( 0.0142  0.0135  0.0006  0.1836)
02-22 22:56:44  INFO - main_logger [oceano_trainer.py line 74] - 2:0262/0479 Time  0.668 ( 0.670) Data  0.034 ( 0.036) Info  0.0143  0.0137  0.0006  0.1892 ( 0.0142  0.0135  0.0006  0.1836)
02-22 22:56:50  INFO - main_logger [oceano_trainer.py line 74] - 2:0272/0479 Time  0.657 ( 0.670) Data  0.034 ( 0.036) Info  0.0133  0.0127  0.0006  0.1992 ( 0.0142  0.0136  0.0006  0.1838)
02-22 22:56:57  INFO - main_logger [oceano_trainer.py line 74] - 2:0282/0479 Time  0.666 ( 0.670) Data  0.034 ( 0.036) Info  0.0131  0.0125  0.0006  0.1926 ( 0.0142  0.0136  0.0006  0.1838)
02-22 22:57:04  INFO - main_logger [oceano_trainer.py line 74] - 2:0292/0479 Time  0.663 ( 0.670) Data  0.033 ( 0.036) Info  0.0157  0.0151  0.0006  0.1770 ( 0.0142  0.0136  0.0006  0.1839)
02-22 22:57:10  INFO - main_logger [oceano_trainer.py line 74] - 2:0302/0479 Time  0.667 ( 0.670) Data  0.033 ( 0.036) Info  0.0121  0.0114  0.0006  0.1840 ( 0.0142  0.0136  0.0006  0.1841)
02-22 22:57:17  INFO - main_logger [oceano_trainer.py line 74] - 2:0312/0479 Time  0.670 ( 0.670) Data  0.034 ( 0.036) Info  0.0161  0.0155  0.0006  0.1957 ( 0.0142  0.0136  0.0006  0.1841)
02-22 22:57:24  INFO - main_logger [oceano_trainer.py line 74] - 2:0322/0479 Time  0.666 ( 0.670) Data  0.034 ( 0.035) Info  0.0132  0.0126  0.0006  0.1849 ( 0.0142  0.0136  0.0006  0.1841)
02-22 22:57:31  INFO - main_logger [oceano_trainer.py line 74] - 2:0332/0479 Time  0.659 ( 0.670) Data  0.033 ( 0.035) Info  0.0112  0.0105  0.0006  0.1713 ( 0.0142  0.0136  0.0006  0.1842)
02-22 22:57:37  INFO - main_logger [oceano_trainer.py line 74] - 2:0342/0479 Time  0.660 ( 0.670) Data  0.034 ( 0.035) Info  0.0130  0.0123  0.0007  0.1858 ( 0.0142  0.0136  0.0006  0.1840)
02-22 22:57:44  INFO - main_logger [oceano_trainer.py line 74] - 2:0352/0479 Time  0.663 ( 0.670) Data  0.034 ( 0.035) Info  0.0131  0.0125  0.0006  0.1875 ( 0.0142  0.0135  0.0006  0.1839)
02-22 22:57:51  INFO - main_logger [oceano_trainer.py line 74] - 2:0362/0479 Time  0.665 ( 0.670) Data  0.034 ( 0.035) Info  0.0125  0.0119  0.0006  0.1839 ( 0.0141  0.0135  0.0006  0.1839)
02-22 22:57:57  INFO - main_logger [oceano_trainer.py line 74] - 2:0372/0479 Time  0.670 ( 0.670) Data  0.033 ( 0.035) Info  0.0115  0.0109  0.0007  0.1816 ( 0.0141  0.0135  0.0006  0.1839)
02-22 22:58:04  INFO - main_logger [oceano_trainer.py line 74] - 2:0382/0479 Time  0.668 ( 0.670) Data  0.034 ( 0.035) Info  0.0158  0.0152  0.0006  0.1823 ( 0.0141  0.0135  0.0006  0.1838)
02-22 22:58:11  INFO - main_logger [oceano_trainer.py line 74] - 2:0392/0479 Time  0.671 ( 0.670) Data  0.034 ( 0.035) Info  0.0144  0.0137  0.0007  0.1866 ( 0.0141  0.0135  0.0006  0.1840)
02-22 22:58:17  INFO - main_logger [oceano_trainer.py line 74] - 2:0402/0479 Time  0.670 ( 0.670) Data  0.033 ( 0.035) Info  0.0156  0.0151  0.0006  0.1939 ( 0.0141  0.0135  0.0006  0.1842)
02-22 22:58:24  INFO - main_logger [oceano_trainer.py line 74] - 2:0412/0479 Time  0.666 ( 0.669) Data  0.034 ( 0.035) Info  0.0151  0.0145  0.0006  0.1885 ( 0.0141  0.0135  0.0006  0.1842)
02-22 22:58:31  INFO - main_logger [oceano_trainer.py line 74] - 2:0422/0479 Time  0.671 ( 0.669) Data  0.034 ( 0.035) Info  0.0116  0.0111  0.0006  0.1515 ( 0.0142  0.0135  0.0006  0.1843)
02-22 22:58:37  INFO - main_logger [oceano_trainer.py line 74] - 2:0432/0479 Time  0.661 ( 0.669) Data  0.034 ( 0.035) Info  0.0180  0.0174  0.0006  0.1876 ( 0.0142  0.0135  0.0006  0.1844)
02-22 22:58:44  INFO - main_logger [oceano_trainer.py line 74] - 2:0442/0479 Time  0.669 ( 0.669) Data  0.034 ( 0.035) Info  0.0160  0.0153  0.0007  0.1778 ( 0.0142  0.0135  0.0006  0.1844)
02-22 22:58:51  INFO - main_logger [oceano_trainer.py line 74] - 2:0452/0479 Time  0.670 ( 0.669) Data  0.034 ( 0.035) Info  0.0126  0.0120  0.0006  0.1839 ( 0.0142  0.0136  0.0006  0.1845)
02-22 22:58:57  INFO - main_logger [oceano_trainer.py line 74] - 2:0462/0479 Time  0.666 ( 0.669) Data  0.034 ( 0.035) Info  0.0109  0.0102  0.0007  0.1829 ( 0.0142  0.0135  0.0006  0.1846)
02-22 22:59:04  INFO - main_logger [oceano_trainer.py line 74] - 2:0472/0479 Time  0.661 ( 0.669) Data  0.033 ( 0.035) Info  0.0131  0.0125  0.0006  0.1811 ( 0.0142  0.0135  0.0006  0.1847)
02-22 22:59:11  INFO - main_logger [oceano_trainer.py line 74] - 3:0003/0479 Time  0.666 ( 0.841) Data  0.034 ( 0.144) Info  0.0172  0.0166  0.0006  0.1964 ( 0.0142  0.0136  0.0006  0.1908)
02-22 22:59:18  INFO - main_logger [oceano_trainer.py line 74] - 3:0013/0479 Time  0.666 ( 0.718) Data  0.034 ( 0.065) Info  0.0132  0.0125  0.0006  0.1788 ( 0.0143  0.0137  0.0006  0.1866)
02-22 22:59:25  INFO - main_logger [oceano_trainer.py line 74] - 3:0023/0479 Time  0.670 ( 0.698) Data  0.034 ( 0.052) Info  0.0133  0.0127  0.0007  0.1957 ( 0.0141  0.0135  0.0006  0.1863)
02-22 22:59:31  INFO - main_logger [oceano_trainer.py line 74] - 3:0033/0479 Time  0.670 ( 0.689) Data  0.034 ( 0.047) Info  0.0212  0.0206  0.0006  0.1875 ( 0.0143  0.0137  0.0006  0.1865)
02-22 22:59:38  INFO - main_logger [oceano_trainer.py line 74] - 3:0043/0479 Time  0.660 ( 0.685) Data  0.034 ( 0.044) Info  0.0109  0.0102  0.0006  0.1624 ( 0.0142  0.0136  0.0006  0.1856)
02-22 22:59:45  INFO - main_logger [oceano_trainer.py line 74] - 3:0053/0479 Time  0.667 ( 0.682) Data  0.033 ( 0.042) Info  0.0134  0.0128  0.0006  0.1777 ( 0.0141  0.0135  0.0006  0.1854)
02-22 22:59:52  INFO - main_logger [oceano_trainer.py line 74] - 3:0063/0479 Time  0.670 ( 0.680) Data  0.034 ( 0.041) Info  0.0154  0.0148  0.0006  0.1885 ( 0.0142  0.0136  0.0006  0.1857)
02-22 22:59:58  INFO - main_logger [oceano_trainer.py line 74] - 3:0073/0479 Time  0.663 ( 0.678) Data  0.034 ( 0.040) Info  0.0170  0.0164  0.0005  0.1894 ( 0.0144  0.0138  0.0006  0.1864)
02-22 23:00:05  INFO - main_logger [oceano_trainer.py line 74] - 3:0083/0479 Time  0.670 ( 0.677) Data  0.034 ( 0.039) Info  0.0143  0.0137  0.0006  0.1962 ( 0.0144  0.0137  0.0006  0.1863)
02-22 23:00:12  INFO - main_logger [oceano_trainer.py line 74] - 3:0093/0479 Time  0.662 ( 0.676) Data  0.034 ( 0.039) Info  0.0155  0.0149  0.0006  0.1884 ( 0.0143  0.0137  0.0006  0.1863)
02-22 23:00:18  INFO - main_logger [oceano_trainer.py line 74] - 3:0103/0479 Time  0.667 ( 0.675) Data  0.034 ( 0.038) Info  0.0122  0.0115  0.0007  0.1932 ( 0.0143  0.0137  0.0006  0.1868)
02-22 23:00:25  INFO - main_logger [oceano_trainer.py line 74] - 3:0113/0479 Time  0.662 ( 0.674) Data  0.034 ( 0.038) Info  0.0119  0.0112  0.0006  0.1758 ( 0.0142  0.0136  0.0006  0.1865)
02-22 23:00:31  INFO - main_logger [oceano_trainer.py line 74] - 3:0123/0479 Time  0.663 ( 0.673) Data  0.034 ( 0.037) Info  0.0137  0.0131  0.0006  0.1988 ( 0.0142  0.0136  0.0006  0.1866)
02-22 23:00:38  INFO - main_logger [oceano_trainer.py line 74] - 3:0133/0479 Time  0.669 ( 0.673) Data  0.034 ( 0.037) Info  0.0127  0.0121  0.0006  0.1734 ( 0.0142  0.0135  0.0006  0.1863)
02-22 23:00:45  INFO - main_logger [oceano_trainer.py line 74] - 3:0143/0479 Time  0.666 ( 0.672) Data  0.033 ( 0.037) Info  0.0116  0.0110  0.0007  0.1714 ( 0.0141  0.0135  0.0006  0.1860)
02-22 23:00:52  INFO - main_logger [oceano_trainer.py line 74] - 3:0153/0479 Time  0.664 ( 0.672) Data  0.034 ( 0.037) Info  0.0119  0.0112  0.0007  0.1827 ( 0.0140  0.0134  0.0006  0.1860)
02-22 23:00:58  INFO - main_logger [oceano_trainer.py line 74] - 3:0163/0479 Time  0.667 ( 0.672) Data  0.033 ( 0.037) Info  0.0162  0.0157  0.0005  0.2066 ( 0.0140  0.0134  0.0006  0.1861)
02-22 23:01:05  INFO - main_logger [oceano_trainer.py line 74] - 3:0173/0479 Time  0.665 ( 0.671) Data  0.034 ( 0.036) Info  0.0127  0.0121  0.0006  0.1872 ( 0.0140  0.0134  0.0006  0.1862)
02-22 23:01:12  INFO - main_logger [oceano_trainer.py line 74] - 3:0183/0479 Time  0.665 ( 0.671) Data  0.034 ( 0.036) Info  0.0118  0.0112  0.0007  0.1789 ( 0.0141  0.0134  0.0006  0.1864)
02-22 23:01:18  INFO - main_logger [oceano_trainer.py line 74] - 3:0193/0479 Time  0.665 ( 0.671) Data  0.034 ( 0.036) Info  0.0153  0.0146  0.0006  0.1865 ( 0.0140  0.0134  0.0006  0.1864)
02-22 23:01:25  INFO - main_logger [oceano_trainer.py line 74] - 3:0203/0479 Time  0.664 ( 0.671) Data  0.033 ( 0.036) Info  0.0138  0.0131  0.0006  0.1837 ( 0.0140  0.0134  0.0006  0.1863)
02-22 23:01:31  INFO - main_logger [oceano_trainer.py line 74] - 3:0213/0479 Time  0.664 ( 0.670) Data  0.033 ( 0.036) Info  0.0140  0.0134  0.0006  0.1785 ( 0.0140  0.0134  0.0006  0.1864)
02-22 23:01:38  INFO - main_logger [oceano_trainer.py line 74] - 3:0223/0479 Time  0.669 ( 0.670) Data  0.034 ( 0.036) Info  0.0117  0.0111  0.0006  0.1825 ( 0.0140  0.0134  0.0006  0.1863)
02-22 23:01:45  INFO - main_logger [oceano_trainer.py line 74] - 3:0233/0479 Time  0.669 ( 0.670) Data  0.034 ( 0.036) Info  0.0127  0.0121  0.0006  0.1813 ( 0.0140  0.0134  0.0006  0.1864)
02-22 23:01:51  INFO - main_logger [oceano_trainer.py line 74] - 3:0243/0479 Time  0.668 ( 0.670) Data  0.034 ( 0.036) Info  0.0139  0.0133  0.0006  0.1934 ( 0.0140  0.0134  0.0006  0.1864)
02-22 23:01:58  INFO - main_logger [oceano_trainer.py line 74] - 3:0253/0479 Time  0.661 ( 0.670) Data  0.033 ( 0.036) Info  0.0124  0.0118  0.0006  0.1702 ( 0.0140  0.0134  0.0006  0.1864)
02-22 23:02:05  INFO - main_logger [oceano_trainer.py line 74] - 3:0263/0479 Time  0.667 ( 0.670) Data  0.034 ( 0.036) Info  0.0139  0.0132  0.0006  0.1929 ( 0.0140  0.0134  0.0006  0.1863)
02-22 23:02:12  INFO - main_logger [oceano_trainer.py line 74] - 3:0273/0479 Time  0.661 ( 0.670) Data  0.034 ( 0.035) Info  0.0132  0.0124  0.0007  0.1838 ( 0.0140  0.0134  0.0006  0.1865)
02-22 23:02:18  INFO - main_logger [oceano_trainer.py line 74] - 3:0283/0479 Time  0.661 ( 0.670) Data  0.034 ( 0.035) Info  0.0137  0.0130  0.0007  0.1825 ( 0.0140  0.0134  0.0006  0.1866)
02-22 23:02:25  INFO - main_logger [oceano_trainer.py line 74] - 3:0293/0479 Time  0.669 ( 0.670) Data  0.034 ( 0.035) Info  0.0129  0.0122  0.0007  0.1911 ( 0.0140  0.0134  0.0006  0.1867)
02-22 23:02:32  INFO - main_logger [oceano_trainer.py line 74] - 3:0303/0479 Time  0.667 ( 0.670) Data  0.035 ( 0.035) Info  0.0127  0.0121  0.0006  0.1809 ( 0.0140  0.0134  0.0006  0.1867)
02-22 23:02:38  INFO - main_logger [oceano_trainer.py line 74] - 3:0313/0479 Time  0.671 ( 0.670) Data  0.034 ( 0.035) Info  0.0161  0.0155  0.0006  0.1982 ( 0.0140  0.0134  0.0006  0.1869)
02-22 23:02:45  INFO - main_logger [oceano_trainer.py line 74] - 3:0323/0479 Time  0.672 ( 0.670) Data  0.034 ( 0.035) Info  0.0172  0.0166  0.0006  0.2100 ( 0.0140  0.0134  0.0006  0.1870)
02-22 23:02:52  INFO - main_logger [oceano_trainer.py line 74] - 3:0333/0479 Time  0.667 ( 0.670) Data  0.033 ( 0.035) Info  0.0155  0.0149  0.0006  0.1946 ( 0.0140  0.0134  0.0006  0.1870)
02-22 23:02:58  INFO - main_logger [oceano_trainer.py line 74] - 3:0343/0479 Time  0.658 ( 0.669) Data  0.034 ( 0.035) Info  0.0154  0.0148  0.0006  0.1889 ( 0.0140  0.0134  0.0006  0.1871)
02-22 23:03:05  INFO - main_logger [oceano_trainer.py line 74] - 3:0353/0479 Time  0.671 ( 0.669) Data  0.034 ( 0.035) Info  0.0110  0.0104  0.0007  0.1980 ( 0.0140  0.0134  0.0006  0.1872)
02-22 23:03:12  INFO - main_logger [oceano_trainer.py line 74] - 3:0363/0479 Time  0.665 ( 0.669) Data  0.034 ( 0.035) Info  0.0128  0.0122  0.0006  0.1902 ( 0.0140  0.0134  0.0006  0.1873)
02-22 23:03:18  INFO - main_logger [oceano_trainer.py line 74] - 3:0373/0479 Time  0.670 ( 0.669) Data  0.034 ( 0.035) Info  0.0170  0.0164  0.0006  0.1935 ( 0.0140  0.0134  0.0006  0.1874)
02-22 23:03:25  INFO - main_logger [oceano_trainer.py line 74] - 3:0383/0479 Time  0.663 ( 0.669) Data  0.034 ( 0.035) Info  0.0142  0.0136  0.0006  0.1836 ( 0.0140  0.0134  0.0006  0.1874)
02-22 23:03:32  INFO - main_logger [oceano_trainer.py line 74] - 3:0393/0479 Time  0.664 ( 0.669) Data  0.034 ( 0.035) Info  0.0160  0.0155  0.0006  0.1982 ( 0.0140  0.0134  0.0006  0.1876)
02-22 23:03:38  INFO - main_logger [oceano_trainer.py line 74] - 3:0403/0479 Time  0.668 ( 0.669) Data  0.034 ( 0.035) Info  0.0170  0.0164  0.0006  0.1827 ( 0.0140  0.0134  0.0006  0.1875)
02-22 23:03:45  INFO - main_logger [oceano_trainer.py line 74] - 3:0413/0479 Time  0.672 ( 0.669) Data  0.034 ( 0.035) Info  0.0133  0.0127  0.0006  0.1805 ( 0.0140  0.0134  0.0006  0.1875)
02-22 23:03:52  INFO - main_logger [oceano_trainer.py line 74] - 3:0423/0479 Time  0.664 ( 0.669) Data  0.034 ( 0.035) Info  0.0145  0.0139  0.0006  0.1891 ( 0.0140  0.0134  0.0006  0.1875)
02-22 23:03:58  INFO - main_logger [oceano_trainer.py line 74] - 3:0433/0479 Time  0.672 ( 0.669) Data  0.034 ( 0.035) Info  0.0137  0.0132  0.0006  0.1767 ( 0.0140  0.0134  0.0006  0.1877)
02-22 23:04:05  INFO - main_logger [oceano_trainer.py line 74] - 3:0443/0479 Time  0.671 ( 0.669) Data  0.034 ( 0.035) Info  0.0151  0.0145  0.0006  0.1985 ( 0.0140  0.0134  0.0006  0.1877)
02-22 23:04:12  INFO - main_logger [oceano_trainer.py line 74] - 3:0453/0479 Time  0.668 ( 0.669) Data  0.034 ( 0.035) Info  0.0159  0.0152  0.0006  0.1931 ( 0.0140  0.0134  0.0006  0.1878)
02-22 23:04:18  INFO - main_logger [oceano_trainer.py line 74] - 3:0463/0479 Time  0.671 ( 0.669) Data  0.034 ( 0.035) Info  0.0140  0.0133  0.0007  0.1914 ( 0.0140  0.0134  0.0006  0.1878)
02-22 23:04:25  INFO - main_logger [oceano_trainer.py line 74] - 3:0473/0479 Time  0.657 ( 0.669) Data  0.033 ( 0.035) Info  0.0155  0.0147  0.0008  0.2219 ( 0.0140  0.0134  0.0006  0.1879)
02-22 23:04:33  INFO - main_logger [oceano_trainer.py line 74] - 4:0004/0479 Time  0.670 ( 0.817) Data  0.034 ( 0.119) Info  0.0124  0.0117  0.0007  0.1888 ( 0.0129  0.0123  0.0007  0.1853)
02-22 23:04:39  INFO - main_logger [oceano_trainer.py line 74] - 4:0014/0479 Time  0.663 ( 0.716) Data  0.034 ( 0.062) Info  0.0145  0.0139  0.0006  0.2105 ( 0.0138  0.0132  0.0006  0.1907)
02-22 23:04:46  INFO - main_logger [oceano_trainer.py line 74] - 4:0024/0479 Time  0.671 ( 0.697) Data  0.034 ( 0.051) Info  0.0129  0.0123  0.0006  0.1931 ( 0.0138  0.0132  0.0006  0.1897)
02-22 23:04:53  INFO - main_logger [oceano_trainer.py line 74] - 4:0034/0479 Time  0.662 ( 0.689) Data  0.034 ( 0.046) Info  0.0118  0.0113  0.0006  0.1822 ( 0.0141  0.0135  0.0006  0.1901)
02-22 23:04:59  INFO - main_logger [oceano_trainer.py line 74] - 4:0044/0479 Time  0.662 ( 0.683) Data  0.034 ( 0.043) Info  0.0128  0.0121  0.0007  0.1824 ( 0.0142  0.0136  0.0006  0.1894)
02-22 23:05:06  INFO - main_logger [oceano_trainer.py line 74] - 4:0054/0479 Time  0.665 ( 0.680) Data  0.034 ( 0.042) Info  0.0122  0.0115  0.0007  0.1927 ( 0.0141  0.0135  0.0006  0.1892)
02-22 23:05:13  INFO - main_logger [oceano_trainer.py line 74] - 4:0064/0479 Time  0.673 ( 0.678) Data  0.033 ( 0.040) Info  0.0136  0.0129  0.0006  0.1779 ( 0.0142  0.0135  0.0006  0.1899)
02-22 23:05:19  INFO - main_logger [oceano_trainer.py line 74] - 4:0074/0479 Time  0.666 ( 0.677) Data  0.033 ( 0.040) Info  0.0125  0.0119  0.0006  0.1795 ( 0.0141  0.0135  0.0006  0.1891)
02-22 23:05:26  INFO - main_logger [oceano_trainer.py line 74] - 4:0084/0479 Time  0.659 ( 0.675) Data  0.034 ( 0.039) Info  0.0159  0.0153  0.0006  0.1893 ( 0.0140  0.0134  0.0006  0.1891)
02-22 23:05:33  INFO - main_logger [oceano_trainer.py line 74] - 4:0094/0479 Time  0.664 ( 0.675) Data  0.034 ( 0.038) Info  0.0174  0.0168  0.0006  0.1955 ( 0.0141  0.0135  0.0006  0.1896)
02-22 23:05:39  INFO - main_logger [oceano_trainer.py line 74] - 4:0104/0479 Time  0.673 ( 0.674) Data  0.034 ( 0.038) Info  0.0129  0.0123  0.0007  0.1777 ( 0.0141  0.0134  0.0006  0.1894)
02-22 23:05:46  INFO - main_logger [oceano_trainer.py line 74] - 4:0114/0479 Time  0.662 ( 0.674) Data  0.034 ( 0.038) Info  0.0141  0.0135  0.0006  0.1916 ( 0.0141  0.0134  0.0006  0.1894)
02-22 23:05:53  INFO - main_logger [oceano_trainer.py line 74] - 4:0124/0479 Time  0.670 ( 0.673) Data  0.034 ( 0.037) Info  0.0133  0.0127  0.0005  0.1920 ( 0.0141  0.0135  0.0006  0.1894)
02-22 23:05:59  INFO - main_logger [oceano_trainer.py line 74] - 4:0134/0479 Time  0.661 ( 0.673) Data  0.034 ( 0.037) Info  0.0150  0.0143  0.0006  0.1900 ( 0.0140  0.0134  0.0006  0.1894)
02-22 23:06:06  INFO - main_logger [oceano_trainer.py line 74] - 4:0144/0479 Time  0.671 ( 0.673) Data  0.034 ( 0.037) Info  0.0130  0.0123  0.0007  0.1897 ( 0.0141  0.0134  0.0006  0.1897)
02-22 23:06:13  INFO - main_logger [oceano_trainer.py line 74] - 4:0154/0479 Time  0.669 ( 0.672) Data  0.034 ( 0.037) Info  0.0130  0.0124  0.0005  0.1796 ( 0.0140  0.0134  0.0006  0.1897)
02-22 23:06:19  INFO - main_logger [oceano_trainer.py line 74] - 4:0164/0479 Time  0.660 ( 0.672) Data  0.034 ( 0.036) Info  0.0170  0.0164  0.0006  0.1932 ( 0.0140  0.0134  0.0006  0.1900)
02-22 23:06:26  INFO - main_logger [oceano_trainer.py line 74] - 4:0174/0479 Time  0.662 ( 0.672) Data  0.034 ( 0.036) Info  0.0169  0.0162  0.0007  0.1871 ( 0.0140  0.0134  0.0006  0.1900)
02-22 23:06:33  INFO - main_logger [oceano_trainer.py line 74] - 4:0184/0479 Time  0.665 ( 0.672) Data  0.034 ( 0.036) Info  0.0129  0.0122  0.0007  0.1820 ( 0.0140  0.0134  0.0006  0.1898)
02-22 23:06:39  INFO - main_logger [oceano_trainer.py line 74] - 4:0194/0479 Time  0.674 ( 0.671) Data  0.034 ( 0.036) Info  0.0133  0.0127  0.0006  0.1770 ( 0.0140  0.0133  0.0006  0.1898)
02-22 23:06:46  INFO - main_logger [oceano_trainer.py line 74] - 4:0204/0479 Time  0.675 ( 0.671) Data  0.034 ( 0.036) Info  0.0151  0.0144  0.0007  0.1963 ( 0.0140  0.0134  0.0006  0.1898)
02-22 23:06:53  INFO - main_logger [oceano_trainer.py line 74] - 4:0214/0479 Time  0.658 ( 0.671) Data  0.034 ( 0.036) Info  0.0149  0.0143  0.0005  0.1928 ( 0.0140  0.0134  0.0006  0.1898)
02-22 23:06:59  INFO - main_logger [oceano_trainer.py line 74] - 4:0224/0479 Time  0.660 ( 0.671) Data  0.033 ( 0.036) Info  0.0128  0.0122  0.0006  0.1785 ( 0.0140  0.0134  0.0006  0.1898)
02-22 23:07:06  INFO - main_logger [oceano_trainer.py line 74] - 4:0234/0479 Time  0.670 ( 0.671) Data  0.034 ( 0.036) Info  0.0113  0.0106  0.0007  0.1872 ( 0.0140  0.0134  0.0006  0.1898)
02-22 23:07:13  INFO - main_logger [oceano_trainer.py line 74] - 4:0244/0479 Time  0.665 ( 0.670) Data  0.033 ( 0.036) Info  0.0137  0.0129  0.0008  0.1891 ( 0.0140  0.0134  0.0006  0.1898)
02-22 23:07:19  INFO - main_logger [oceano_trainer.py line 74] - 4:0254/0479 Time  0.665 ( 0.670) Data  0.034 ( 0.036) Info  0.0116  0.0110  0.0006  0.1916 ( 0.0140  0.0133  0.0006  0.1896)
02-22 23:07:26  INFO - main_logger [oceano_trainer.py line 74] - 4:0264/0479 Time  0.665 ( 0.670) Data  0.034 ( 0.035) Info  0.0132  0.0126  0.0007  0.1857 ( 0.0139  0.0133  0.0006  0.1894)
02-22 23:07:33  INFO - main_logger [oceano_trainer.py line 74] - 4:0274/0479 Time  0.670 ( 0.670) Data  0.034 ( 0.035) Info  0.0118  0.0112  0.0006  0.1868 ( 0.0139  0.0133  0.0006  0.1892)
02-22 23:07:39  INFO - main_logger [oceano_trainer.py line 74] - 4:0284/0479 Time  0.670 ( 0.670) Data  0.034 ( 0.035) Info  0.0130  0.0123  0.0007  0.1822 ( 0.0139  0.0133  0.0006  0.1893)
02-22 23:07:46  INFO - main_logger [oceano_trainer.py line 74] - 4:0294/0479 Time  0.674 ( 0.670) Data  0.035 ( 0.035) Info  0.0119  0.0112  0.0006  0.2022 ( 0.0139  0.0133  0.0006  0.1895)
02-22 23:07:53  INFO - main_logger [oceano_trainer.py line 74] - 4:0304/0479 Time  0.670 ( 0.670) Data  0.034 ( 0.035) Info  0.0123  0.0117  0.0006  0.1817 ( 0.0139  0.0132  0.0006  0.1894)
02-22 23:07:59  INFO - main_logger [oceano_trainer.py line 74] - 4:0314/0479 Time  0.659 ( 0.670) Data  0.034 ( 0.035) Info  0.0154  0.0149  0.0006  0.1853 ( 0.0139  0.0133  0.0006  0.1894)
02-22 23:08:06  INFO - main_logger [oceano_trainer.py line 74] - 4:0324/0479 Time  0.671 ( 0.670) Data  0.034 ( 0.035) Info  0.0120  0.0114  0.0006  0.1923 ( 0.0139  0.0133  0.0006  0.1895)
02-22 23:08:13  INFO - main_logger [oceano_trainer.py line 74] - 4:0334/0479 Time  0.670 ( 0.670) Data  0.034 ( 0.035) Info  0.0127  0.0120  0.0007  0.1880 ( 0.0139  0.0133  0.0006  0.1896)
02-22 23:08:19  INFO - main_logger [oceano_trainer.py line 74] - 4:0344/0479 Time  0.669 ( 0.670) Data  0.034 ( 0.035) Info  0.0140  0.0134  0.0007  0.1983 ( 0.0139  0.0133  0.0006  0.1897)
02-22 23:08:26  INFO - main_logger [oceano_trainer.py line 74] - 4:0354/0479 Time  0.673 ( 0.669) Data  0.034 ( 0.035) Info  0.0123  0.0117  0.0007  0.1888 ( 0.0139  0.0133  0.0006  0.1897)
02-22 23:08:33  INFO - main_logger [oceano_trainer.py line 74] - 4:0364/0479 Time  0.669 ( 0.669) Data  0.034 ( 0.035) Info  0.0157  0.0151  0.0006  0.1831 ( 0.0139  0.0133  0.0006  0.1896)
02-22 23:08:39  INFO - main_logger [oceano_trainer.py line 74] - 4:0374/0479 Time  0.671 ( 0.669) Data  0.035 ( 0.035) Info  0.0128  0.0121  0.0007  0.1818 ( 0.0139  0.0133  0.0006  0.1896)
02-22 23:08:46  INFO - main_logger [oceano_trainer.py line 74] - 4:0384/0479 Time  0.664 ( 0.669) Data  0.034 ( 0.035) Info  0.0122  0.0116  0.0006  0.1797 ( 0.0139  0.0133  0.0006  0.1895)
02-22 23:08:53  INFO - main_logger [oceano_trainer.py line 74] - 4:0394/0479 Time  0.675 ( 0.669) Data  0.034 ( 0.035) Info  0.0212  0.0202  0.0010  0.2573 ( 0.0139  0.0133  0.0006  0.1898)
02-22 23:09:00  INFO - main_logger [oceano_trainer.py line 74] - 4:0404/0479 Time  0.671 ( 0.669) Data  0.034 ( 0.035) Info  0.0114  0.0107  0.0007  0.1978 ( 0.0139  0.0133  0.0006  0.1898)
02-22 23:09:06  INFO - main_logger [oceano_trainer.py line 74] - 4:0414/0479 Time  0.660 ( 0.669) Data  0.034 ( 0.035) Info  0.0121  0.0114  0.0006  0.1863 ( 0.0139  0.0133  0.0006  0.1898)
02-22 23:09:13  INFO - main_logger [oceano_trainer.py line 74] - 4:0424/0479 Time  0.663 ( 0.669) Data  0.033 ( 0.035) Info  0.0118  0.0111  0.0007  0.1920 ( 0.0139  0.0133  0.0006  0.1898)
02-22 23:09:19  INFO - main_logger [oceano_trainer.py line 74] - 4:0434/0479 Time  0.661 ( 0.669) Data  0.033 ( 0.035) Info  0.0122  0.0115  0.0006  0.1778 ( 0.0139  0.0132  0.0006  0.1898)
02-22 23:09:26  INFO - main_logger [oceano_trainer.py line 74] - 4:0444/0479 Time  0.660 ( 0.669) Data  0.034 ( 0.035) Info  0.0108  0.0102  0.0007  0.1869 ( 0.0139  0.0132  0.0006  0.1898)
02-22 23:09:33  INFO - main_logger [oceano_trainer.py line 74] - 4:0454/0479 Time  0.670 ( 0.669) Data  0.034 ( 0.035) Info  0.0157  0.0150  0.0006  0.2202 ( 0.0139  0.0132  0.0006  0.1898)
02-22 23:09:39  INFO - main_logger [oceano_trainer.py line 74] - 4:0464/0479 Time  0.680 ( 0.669) Data  0.038 ( 0.035) Info  0.0127  0.0120  0.0006  0.1885 ( 0.0139  0.0133  0.0006  0.1898)
02-22 23:09:46  INFO - main_logger [oceano_trainer.py line 74] - 4:0474/0479 Time  0.657 ( 0.669) Data  0.033 ( 0.035) Info  0.0162  0.0155  0.0006  0.2282 ( 0.0139  0.0133  0.0006  0.1899)
02-22 23:09:54  INFO - main_logger [oceano_trainer.py line 74] - 5:0005/0479 Time  0.668 ( 0.792) Data  0.035 ( 0.135) Info  0.0110  0.0104  0.0007  0.1717 ( 0.0132  0.0125  0.0006  0.1895)
02-22 23:10:00  INFO - main_logger [oceano_trainer.py line 74] - 5:0015/0479 Time  0.675 ( 0.716) Data  0.034 ( 0.072) Info  0.0165  0.0159  0.0006  0.1881 ( 0.0143  0.0137  0.0006  0.1922)
02-22 23:10:07  INFO - main_logger [oceano_trainer.py line 74] - 5:0025/0479 Time  0.661 ( 0.696) Data  0.034 ( 0.057) Info  0.0144  0.0138  0.0007  0.2028 ( 0.0143  0.0137  0.0006  0.1928)
02-22 23:10:14  INFO - main_logger [oceano_trainer.py line 74] - 5:0035/0479 Time  0.668 ( 0.687) Data  0.034 ( 0.051) Info  0.0150  0.0144  0.0006  0.2162 ( 0.0143  0.0136  0.0006  0.1932)
02-22 23:10:20  INFO - main_logger [oceano_trainer.py line 74] - 5:0045/0479 Time  0.670 ( 0.684) Data  0.034 ( 0.047) Info  0.0128  0.0122  0.0006  0.1917 ( 0.0143  0.0137  0.0006  0.1934)
02-22 23:10:27  INFO - main_logger [oceano_trainer.py line 74] - 5:0055/0479 Time  0.672 ( 0.681) Data  0.034 ( 0.045) Info  0.0139  0.0133  0.0006  0.2024 ( 0.0142  0.0135  0.0006  0.1932)
02-22 23:10:34  INFO - main_logger [oceano_trainer.py line 74] - 5:0065/0479 Time  0.675 ( 0.679) Data  0.034 ( 0.043) Info  0.0133  0.0126  0.0007  0.1933 ( 0.0143  0.0136  0.0006  0.1932)
02-22 23:10:40  INFO - main_logger [oceano_trainer.py line 74] - 5:0075/0479 Time  0.668 ( 0.678) Data  0.034 ( 0.042) Info  0.0137  0.0131  0.0006  0.1938 ( 0.0142  0.0135  0.0006  0.1933)
02-22 23:10:47  INFO - main_logger [oceano_trainer.py line 74] - 5:0085/0479 Time  0.671 ( 0.677) Data  0.034 ( 0.041) Info  0.0111  0.0105  0.0007  0.1871 ( 0.0140  0.0134  0.0006  0.1928)
02-22 23:10:54  INFO - main_logger [oceano_trainer.py line 74] - 5:0095/0479 Time  0.666 ( 0.676) Data  0.034 ( 0.040) Info  0.0120  0.0113  0.0007  0.1885 ( 0.0139  0.0132  0.0006  0.1921)
02-22 23:11:00  INFO - main_logger [oceano_trainer.py line 74] - 5:0105/0479 Time  0.676 ( 0.675) Data  0.034 ( 0.040) Info  0.0124  0.0118  0.0007  0.1922 ( 0.0138  0.0132  0.0006  0.1919)
02-22 23:11:07  INFO - main_logger [oceano_trainer.py line 74] - 5:0115/0479 Time  0.667 ( 0.674) Data  0.033 ( 0.039) Info  0.0132  0.0126  0.0006  0.2041 ( 0.0138  0.0132  0.0006  0.1919)
02-22 23:11:14  INFO - main_logger [oceano_trainer.py line 74] - 5:0125/0479 Time  0.667 ( 0.674) Data  0.034 ( 0.039) Info  0.0107  0.0100  0.0006  0.1937 ( 0.0138  0.0132  0.0006  0.1917)
02-22 23:11:20  INFO - main_logger [oceano_trainer.py line 74] - 5:0135/0479 Time  0.674 ( 0.673) Data  0.034 ( 0.038) Info  0.0108  0.0102  0.0006  0.1737 ( 0.0138  0.0132  0.0006  0.1915)
02-22 23:11:27  INFO - main_logger [oceano_trainer.py line 74] - 5:0145/0479 Time  0.671 ( 0.673) Data  0.034 ( 0.038) Info  0.0141  0.0136  0.0005  0.1906 ( 0.0138  0.0132  0.0006  0.1916)
02-22 23:11:34  INFO - main_logger [oceano_trainer.py line 74] - 5:0155/0479 Time  0.664 ( 0.673) Data  0.034 ( 0.038) Info  0.0236  0.0228  0.0008  0.2259 ( 0.0139  0.0132  0.0006  0.1917)
02-22 23:11:40  INFO - main_logger [oceano_trainer.py line 74] - 5:0165/0479 Time  0.669 ( 0.673) Data  0.034 ( 0.038) Info  0.0127  0.0121  0.0006  0.1762 ( 0.0138  0.0132  0.0006  0.1916)
02-22 23:11:47  INFO - main_logger [oceano_trainer.py line 74] - 5:0175/0479 Time  0.670 ( 0.672) Data  0.034 ( 0.037) Info  0.0151  0.0145  0.0006  0.2006 ( 0.0138  0.0132  0.0006  0.1915)
02-22 23:11:54  INFO - main_logger [oceano_trainer.py line 74] - 5:0185/0479 Time  0.670 ( 0.672) Data  0.034 ( 0.037) Info  0.0124  0.0118  0.0006  0.2004 ( 0.0138  0.0132  0.0006  0.1917)
02-22 23:12:00  INFO - main_logger [oceano_trainer.py line 74] - 5:0195/0479 Time  0.667 ( 0.672) Data  0.034 ( 0.037) Info  0.0149  0.0142  0.0007  0.2081 ( 0.0138  0.0132  0.0006  0.1918)
02-22 23:12:07  INFO - main_logger [oceano_trainer.py line 74] - 5:0205/0479 Time  0.662 ( 0.671) Data  0.034 ( 0.037) Info  0.0148  0.0142  0.0006  0.1942 ( 0.0138  0.0132  0.0006  0.1918)
02-22 23:12:14  INFO - main_logger [oceano_trainer.py line 74] - 5:0215/0479 Time  0.657 ( 0.671) Data  0.034 ( 0.037) Info  0.0143  0.0137  0.0006  0.1854 ( 0.0138  0.0132  0.0006  0.1917)
02-22 23:12:20  INFO - main_logger [oceano_trainer.py line 74] - 5:0225/0479 Time  0.673 ( 0.671) Data  0.034 ( 0.037) Info  0.0127  0.0120  0.0007  0.1766 ( 0.0138  0.0132  0.0006  0.1917)
02-22 23:12:27  INFO - main_logger [oceano_trainer.py line 74] - 5:0235/0479 Time  0.671 ( 0.671) Data  0.036 ( 0.036) Info  0.0150  0.0144  0.0007  0.2030 ( 0.0138  0.0132  0.0006  0.1917)
02-22 23:12:34  INFO - main_logger [oceano_trainer.py line 74] - 5:0245/0479 Time  0.666 ( 0.670) Data  0.034 ( 0.036) Info  0.0129  0.0123  0.0006  0.1883 ( 0.0138  0.0132  0.0006  0.1913)
02-22 23:12:40  INFO - main_logger [oceano_trainer.py line 74] - 5:0255/0479 Time  0.676 ( 0.670) Data  0.034 ( 0.036) Info  0.0142  0.0135  0.0007  0.1924 ( 0.0137  0.0131  0.0006  0.1912)
02-22 23:12:47  INFO - main_logger [oceano_trainer.py line 74] - 5:0265/0479 Time  0.668 ( 0.670) Data  0.034 ( 0.036) Info  0.0119  0.0113  0.0007  0.1735 ( 0.0137  0.0131  0.0006  0.1911)
02-22 23:12:54  INFO - main_logger [oceano_trainer.py line 74] - 5:0275/0479 Time  0.666 ( 0.670) Data  0.034 ( 0.036) Info  0.0127  0.0121  0.0006  0.1862 ( 0.0137  0.0131  0.0006  0.1913)
02-22 23:13:00  INFO - main_logger [oceano_trainer.py line 74] - 5:0285/0479 Time  0.663 ( 0.670) Data  0.034 ( 0.036) Info  0.0138  0.0132  0.0006  0.1870 ( 0.0138  0.0131  0.0006  0.1913)
02-22 23:13:07  INFO - main_logger [oceano_trainer.py line 74] - 5:0295/0479 Time  0.664 ( 0.670) Data  0.034 ( 0.036) Info  0.0133  0.0127  0.0006  0.1821 ( 0.0137  0.0131  0.0006  0.1913)
02-22 23:13:14  INFO - main_logger [oceano_trainer.py line 74] - 5:0305/0479 Time  0.669 ( 0.670) Data  0.034 ( 0.036) Info  0.0144  0.0138  0.0006  0.1869 ( 0.0137  0.0131  0.0006  0.1912)
02-22 23:13:21  INFO - main_logger [oceano_trainer.py line 74] - 5:0315/0479 Time  0.666 ( 0.670) Data  0.034 ( 0.036) Info  0.0143  0.0137  0.0006  0.1937 ( 0.0137  0.0131  0.0006  0.1911)
02-22 23:13:27  INFO - main_logger [oceano_trainer.py line 74] - 5:0325/0479 Time  0.664 ( 0.670) Data  0.034 ( 0.036) Info  0.0114  0.0108  0.0006  0.1883 ( 0.0137  0.0131  0.0006  0.1910)
02-22 23:13:34  INFO - main_logger [oceano_trainer.py line 74] - 5:0335/0479 Time  0.668 ( 0.670) Data  0.034 ( 0.036) Info  0.0114  0.0107  0.0007  0.1908 ( 0.0137  0.0131  0.0006  0.1910)
02-22 23:13:41  INFO - main_logger [oceano_trainer.py line 74] - 5:0345/0479 Time  0.671 ( 0.670) Data  0.034 ( 0.036) Info  0.0148  0.0142  0.0006  0.1785 ( 0.0137  0.0131  0.0006  0.1910)
02-22 23:13:47  INFO - main_logger [oceano_trainer.py line 74] - 5:0355/0479 Time  0.668 ( 0.670) Data  0.034 ( 0.036) Info  0.0134  0.0128  0.0006  0.1827 ( 0.0137  0.0131  0.0006  0.1911)
02-22 23:13:54  INFO - main_logger [oceano_trainer.py line 74] - 5:0365/0479 Time  0.668 ( 0.670) Data  0.034 ( 0.036) Info  0.0154  0.0148  0.0006  0.1892 ( 0.0138  0.0131  0.0006  0.1910)
02-22 23:14:01  INFO - main_logger [oceano_trainer.py line 74] - 5:0375/0479 Time  0.665 ( 0.670) Data  0.035 ( 0.036) Info  0.0115  0.0108  0.0007  0.1760 ( 0.0137  0.0131  0.0006  0.1911)
02-22 23:14:07  INFO - main_logger [oceano_trainer.py line 74] - 5:0385/0479 Time  0.669 ( 0.670) Data  0.034 ( 0.036) Info  0.0151  0.0145  0.0006  0.1866 ( 0.0138  0.0131  0.0006  0.1911)
02-22 23:14:14  INFO - main_logger [oceano_trainer.py line 74] - 5:0395/0479 Time  0.676 ( 0.670) Data  0.034 ( 0.035) Info  0.0132  0.0126  0.0006  0.1641 ( 0.0138  0.0132  0.0006  0.1913)
02-22 23:14:21  INFO - main_logger [oceano_trainer.py line 74] - 5:0405/0479 Time  0.667 ( 0.670) Data  0.034 ( 0.035) Info  0.0120  0.0114  0.0006  0.1773 ( 0.0138  0.0131  0.0006  0.1911)
02-22 23:14:27  INFO - main_logger [oceano_trainer.py line 74] - 5:0415/0479 Time  0.664 ( 0.670) Data  0.034 ( 0.035) Info  0.0120  0.0113  0.0007  0.1921 ( 0.0138  0.0132  0.0006  0.1912)
02-22 23:14:34  INFO - main_logger [oceano_trainer.py line 74] - 5:0425/0479 Time  0.663 ( 0.669) Data  0.034 ( 0.035) Info  0.0138  0.0131  0.0007  0.1942 ( 0.0138  0.0132  0.0006  0.1913)
02-22 23:14:41  INFO - main_logger [oceano_trainer.py line 74] - 5:0435/0479 Time  0.671 ( 0.669) Data  0.034 ( 0.035) Info  0.0145  0.0139  0.0006  0.1927 ( 0.0138  0.0132  0.0006  0.1914)
02-22 23:14:47  INFO - main_logger [oceano_trainer.py line 74] - 5:0445/0479 Time  0.670 ( 0.669) Data  0.034 ( 0.035) Info  0.0134  0.0128  0.0006  0.1934 ( 0.0138  0.0132  0.0006  0.1914)
02-22 23:14:54  INFO - main_logger [oceano_trainer.py line 74] - 5:0455/0479 Time  0.662 ( 0.669) Data  0.034 ( 0.035) Info  0.0127  0.0120  0.0007  0.1983 ( 0.0138  0.0132  0.0006  0.1914)
02-22 23:15:01  INFO - main_logger [oceano_trainer.py line 74] - 5:0465/0479 Time  0.669 ( 0.669) Data  0.034 ( 0.035) Info  0.0138  0.0132  0.0006  0.1887 ( 0.0138  0.0132  0.0006  0.1914)
02-22 23:15:07  INFO - main_logger [oceano_trainer.py line 74] - 5:0475/0479 Time  0.659 ( 0.669) Data  0.033 ( 0.035) Info  0.0171  0.0165  0.0005  0.1778 ( 0.0138  0.0132  0.0006  0.1913)
02-22 23:15:15  INFO - main_logger [oceano_trainer.py line 74] - 6:0006/0479 Time  0.662 ( 0.769) Data  0.034 ( 0.102) Info  0.0137  0.0131  0.0007  0.1875 ( 0.0141  0.0135  0.0006  0.1833)
02-22 23:15:21  INFO - main_logger [oceano_trainer.py line 74] - 6:0016/0479 Time  0.661 ( 0.708) Data  0.034 ( 0.062) Info  0.0123  0.0117  0.0006  0.1909 ( 0.0142  0.0136  0.0006  0.1892)
02-22 23:15:28  INFO - main_logger [oceano_trainer.py line 74] - 6:0026/0479 Time  0.666 ( 0.693) Data  0.034 ( 0.052) Info  0.0122  0.0115  0.0007  0.2002 ( 0.0141  0.0134  0.0006  0.1913)
02-22 23:15:35  INFO - main_logger [oceano_trainer.py line 74] - 6:0036/0479 Time  0.669 ( 0.686) Data  0.034 ( 0.047) Info  0.0128  0.0122  0.0006  0.1973 ( 0.0138  0.0132  0.0006  0.1905)
02-22 23:15:41  INFO - main_logger [oceano_trainer.py line 74] - 6:0046/0479 Time  0.675 ( 0.682) Data  0.034 ( 0.044) Info  0.0128  0.0122  0.0006  0.1906 ( 0.0138  0.0132  0.0006  0.1908)
02-22 23:15:48  INFO - main_logger [oceano_trainer.py line 74] - 6:0056/0479 Time  0.673 ( 0.679) Data  0.034 ( 0.042) Info  0.0128  0.0122  0.0006  0.1835 ( 0.0137  0.0131  0.0006  0.1909)
02-22 23:15:55  INFO - main_logger [oceano_trainer.py line 74] - 6:0066/0479 Time  0.670 ( 0.678) Data  0.033 ( 0.041) Info  0.0137  0.0131  0.0006  0.2041 ( 0.0137  0.0131  0.0006  0.1914)
02-22 23:16:02  INFO - main_logger [oceano_trainer.py line 74] - 6:0076/0479 Time  0.663 ( 0.677) Data  0.034 ( 0.040) Info  0.0159  0.0153  0.0006  0.2018 ( 0.0138  0.0132  0.0006  0.1917)
02-22 23:16:08  INFO - main_logger [oceano_trainer.py line 74] - 6:0086/0479 Time  0.672 ( 0.676) Data  0.034 ( 0.039) Info  0.0134  0.0129  0.0005  0.1997 ( 0.0138  0.0132  0.0006  0.1925)
02-22 23:16:15  INFO - main_logger [oceano_trainer.py line 74] - 6:0096/0479 Time  0.670 ( 0.675) Data  0.034 ( 0.039) Info  0.0115  0.0109  0.0005  0.1746 ( 0.0139  0.0132  0.0006  0.1932)
02-22 23:16:22  INFO - main_logger [oceano_trainer.py line 74] - 6:0106/0479 Time  0.664 ( 0.674) Data  0.034 ( 0.038) Info  0.0143  0.0136  0.0007  0.1902 ( 0.0138  0.0131  0.0006  0.1927)
02-22 23:16:28  INFO - main_logger [oceano_trainer.py line 74] - 6:0116/0479 Time  0.669 ( 0.673) Data  0.034 ( 0.038) Info  0.0135  0.0128  0.0007  0.1956 ( 0.0137  0.0131  0.0006  0.1926)
02-22 23:16:35  INFO - main_logger [oceano_trainer.py line 74] - 6:0126/0479 Time  0.669 ( 0.673) Data  0.034 ( 0.038) Info  0.0119  0.0112  0.0007  0.2083 ( 0.0136  0.0130  0.0006  0.1926)
02-22 23:16:42  INFO - main_logger [oceano_trainer.py line 74] - 6:0136/0479 Time  0.661 ( 0.672) Data  0.034 ( 0.037) Info  0.0125  0.0119  0.0006  0.1935 ( 0.0136  0.0130  0.0006  0.1923)
02-22 23:16:48  INFO - main_logger [oceano_trainer.py line 74] - 6:0146/0479 Time  0.665 ( 0.672) Data  0.034 ( 0.037) Info  0.0190  0.0181  0.0009  0.2124 ( 0.0136  0.0130  0.0006  0.1922)
02-22 23:16:55  INFO - main_logger [oceano_trainer.py line 74] - 6:0156/0479 Time  0.674 ( 0.672) Data  0.034 ( 0.037) Info  0.0161  0.0155  0.0006  0.2029 ( 0.0137  0.0131  0.0006  0.1924)
02-22 23:17:02  INFO - main_logger [oceano_trainer.py line 74] - 6:0166/0479 Time  0.670 ( 0.672) Data  0.034 ( 0.037) Info  0.0129  0.0122  0.0007  0.1838 ( 0.0137  0.0131  0.0006  0.1923)
02-22 23:17:08  INFO - main_logger [oceano_trainer.py line 74] - 6:0176/0479 Time  0.662 ( 0.671) Data  0.034 ( 0.037) Info  0.0158  0.0150  0.0007  0.2286 ( 0.0137  0.0131  0.0006  0.1923)
02-22 23:17:15  INFO - main_logger [oceano_trainer.py line 74] - 6:0186/0479 Time  0.665 ( 0.671) Data  0.034 ( 0.036) Info  0.0118  0.0111  0.0007  0.1921 ( 0.0137  0.0131  0.0006  0.1925)
02-22 23:17:22  INFO - main_logger [oceano_trainer.py line 74] - 6:0196/0479 Time  0.665 ( 0.671) Data  0.034 ( 0.036) Info  0.0155  0.0149  0.0006  0.2121 ( 0.0137  0.0131  0.0006  0.1924)
02-22 23:17:28  INFO - main_logger [oceano_trainer.py line 74] - 6:0206/0479 Time  0.670 ( 0.671) Data  0.034 ( 0.036) Info  0.0142  0.0135  0.0007  0.1820 ( 0.0137  0.0131  0.0006  0.1923)
02-22 23:17:35  INFO - main_logger [oceano_trainer.py line 74] - 6:0216/0479 Time  0.663 ( 0.671) Data  0.034 ( 0.036) Info  0.0164  0.0157  0.0006  0.1920 ( 0.0138  0.0131  0.0006  0.1923)
02-22 23:17:42  INFO - main_logger [oceano_trainer.py line 74] - 6:0226/0479 Time  0.659 ( 0.670) Data  0.034 ( 0.036) Info  0.0135  0.0129  0.0006  0.1935 ( 0.0138  0.0131  0.0006  0.1924)
02-22 23:17:48  INFO - main_logger [oceano_trainer.py line 74] - 6:0236/0479 Time  0.672 ( 0.670) Data  0.034 ( 0.036) Info  0.0126  0.0120  0.0006  0.2005 ( 0.0138  0.0131  0.0006  0.1925)
02-22 23:17:55  INFO - main_logger [oceano_trainer.py line 74] - 6:0246/0479 Time  0.676 ( 0.670) Data  0.034 ( 0.036) Info  0.0132  0.0126  0.0006  0.1886 ( 0.0138  0.0131  0.0006  0.1925)
02-22 23:18:02  INFO - main_logger [oceano_trainer.py line 74] - 6:0256/0479 Time  0.662 ( 0.670) Data  0.034 ( 0.036) Info  0.0138  0.0131  0.0007  0.1774 ( 0.0137  0.0131  0.0006  0.1922)
02-22 23:18:08  INFO - main_logger [oceano_trainer.py line 74] - 6:0266/0479 Time  0.664 ( 0.670) Data  0.034 ( 0.036) Info  0.0128  0.0121  0.0007  0.1972 ( 0.0137  0.0131  0.0006  0.1922)
02-22 23:18:15  INFO - main_logger [oceano_trainer.py line 74] - 6:0276/0479 Time  0.667 ( 0.670) Data  0.034 ( 0.036) Info  0.0162  0.0156  0.0005  0.2008 ( 0.0137  0.0131  0.0006  0.1922)
02-22 23:18:22  INFO - main_logger [oceano_trainer.py line 74] - 6:0286/0479 Time  0.664 ( 0.670) Data  0.034 ( 0.036) Info  0.0126  0.0120  0.0006  0.1785 ( 0.0137  0.0131  0.0006  0.1922)
02-22 23:18:28  INFO - main_logger [oceano_trainer.py line 74] - 6:0296/0479 Time  0.667 ( 0.670) Data  0.034 ( 0.036) Info  0.0127  0.0121  0.0007  0.1921 ( 0.0137  0.0131  0.0006  0.1922)
02-22 23:18:35  INFO - main_logger [oceano_trainer.py line 74] - 6:0306/0479 Time  0.669 ( 0.670) Data  0.034 ( 0.035) Info  0.0151  0.0145  0.0006  0.2033 ( 0.0137  0.0131  0.0006  0.1923)
02-22 23:18:42  INFO - main_logger [oceano_trainer.py line 74] - 6:0316/0479 Time  0.663 ( 0.669) Data  0.034 ( 0.035) Info  0.0129  0.0123  0.0006  0.1907 ( 0.0138  0.0131  0.0006  0.1924)
02-22 23:18:48  INFO - main_logger [oceano_trainer.py line 74] - 6:0326/0479 Time  0.671 ( 0.669) Data  0.034 ( 0.035) Info  0.0124  0.0117  0.0007  0.1972 ( 0.0137  0.0131  0.0006  0.1924)
02-22 23:18:55  INFO - main_logger [oceano_trainer.py line 74] - 6:0336/0479 Time  0.669 ( 0.669) Data  0.034 ( 0.035) Info  0.0148  0.0141  0.0007  0.1990 ( 0.0137  0.0131  0.0006  0.1926)
02-22 23:19:02  INFO - main_logger [oceano_trainer.py line 74] - 6:0346/0479 Time  0.668 ( 0.669) Data  0.034 ( 0.035) Info  0.0110  0.0104  0.0006  0.1877 ( 0.0137  0.0131  0.0006  0.1926)
02-22 23:19:08  INFO - main_logger [oceano_trainer.py line 74] - 6:0356/0479 Time  0.670 ( 0.669) Data  0.034 ( 0.035) Info  0.0137  0.0131  0.0006  0.1854 ( 0.0137  0.0131  0.0006  0.1925)
02-22 23:19:15  INFO - main_logger [oceano_trainer.py line 74] - 6:0366/0479 Time  0.668 ( 0.669) Data  0.034 ( 0.035) Info  0.0140  0.0134  0.0006  0.1947 ( 0.0137  0.0131  0.0006  0.1925)
02-22 23:19:22  INFO - main_logger [oceano_trainer.py line 74] - 6:0376/0479 Time  0.673 ( 0.669) Data  0.034 ( 0.035) Info  0.0136  0.0130  0.0006  0.1983 ( 0.0137  0.0131  0.0006  0.1926)
02-22 23:19:28  INFO - main_logger [oceano_trainer.py line 74] - 6:0386/0479 Time  0.665 ( 0.669) Data  0.034 ( 0.035) Info  0.0137  0.0130  0.0007  0.2008 ( 0.0137  0.0131  0.0006  0.1926)
02-22 23:19:35  INFO - main_logger [oceano_trainer.py line 74] - 6:0396/0479 Time  0.669 ( 0.669) Data  0.034 ( 0.035) Info  0.0125  0.0119  0.0007  0.1846 ( 0.0137  0.0131  0.0006  0.1926)
02-22 23:19:42  INFO - main_logger [oceano_trainer.py line 74] - 6:0406/0479 Time  0.670 ( 0.669) Data  0.034 ( 0.035) Info  0.0140  0.0134  0.0006  0.1810 ( 0.0137  0.0131  0.0006  0.1926)
02-22 23:19:48  INFO - main_logger [oceano_trainer.py line 74] - 6:0416/0479 Time  0.672 ( 0.669) Data  0.034 ( 0.035) Info  0.0145  0.0139  0.0006  0.1942 ( 0.0137  0.0131  0.0006  0.1927)
02-22 23:19:55  INFO - main_logger [oceano_trainer.py line 74] - 6:0426/0479 Time  0.671 ( 0.669) Data  0.034 ( 0.035) Info  0.0140  0.0134  0.0006  0.1754 ( 0.0137  0.0131  0.0006  0.1927)
02-22 23:20:02  INFO - main_logger [oceano_trainer.py line 74] - 6:0436/0479 Time  0.666 ( 0.669) Data  0.034 ( 0.035) Info  0.0152  0.0145  0.0007  0.1977 ( 0.0137  0.0131  0.0006  0.1928)
02-22 23:20:08  INFO - main_logger [oceano_trainer.py line 74] - 6:0446/0479 Time  0.663 ( 0.669) Data  0.034 ( 0.035) Info  0.0133  0.0128  0.0006  0.1868 ( 0.0137  0.0131  0.0006  0.1928)
02-22 23:20:15  INFO - main_logger [oceano_trainer.py line 74] - 6:0456/0479 Time  0.661 ( 0.669) Data  0.034 ( 0.035) Info  0.0140  0.0134  0.0006  0.1856 ( 0.0137  0.0131  0.0006  0.1927)
02-22 23:20:22  INFO - main_logger [oceano_trainer.py line 74] - 6:0466/0479 Time  0.667 ( 0.669) Data  0.034 ( 0.035) Info  0.0121  0.0115  0.0006  0.1883 ( 0.0137  0.0131  0.0006  0.1927)
02-22 23:20:28  INFO - main_logger [oceano_trainer.py line 74] - 6:0476/0479 Time  0.669 ( 0.669) Data  0.033 ( 0.035) Info  0.0125  0.0119  0.0006  0.1952 ( 0.0137  0.0131  0.0006  0.1926)
02-22 23:20:36  INFO - main_logger [oceano_trainer.py line 74] - 7:0007/0479 Time  0.668 ( 0.759) Data  0.033 ( 0.103) Info  0.0152  0.0146  0.0006  0.2075 ( 0.0135  0.0129  0.0006  0.1928)
02-22 23:20:43  INFO - main_logger [oceano_trainer.py line 74] - 7:0017/0479 Time  0.670 ( 0.710) Data  0.034 ( 0.065) Info  0.0167  0.0161  0.0006  0.1996 ( 0.0136  0.0130  0.0006  0.1931)
02-22 23:20:49  INFO - main_logger [oceano_trainer.py line 74] - 7:0027/0479 Time  0.666 ( 0.695) Data  0.034 ( 0.054) Info  0.0136  0.0131  0.0006  0.1871 ( 0.0135  0.0129  0.0006  0.1919)
02-22 23:20:56  INFO - main_logger [oceano_trainer.py line 74] - 7:0037/0479 Time  0.672 ( 0.688) Data  0.034 ( 0.049) Info  0.0142  0.0135  0.0007  0.1938 ( 0.0136  0.0130  0.0006  0.1935)
02-22 23:21:03  INFO - main_logger [oceano_trainer.py line 74] - 7:0047/0479 Time  0.660 ( 0.684) Data  0.035 ( 0.046) Info  0.0139  0.0132  0.0007  0.1972 ( 0.0135  0.0128  0.0006  0.1929)
02-22 23:21:09  INFO - main_logger [oceano_trainer.py line 74] - 7:0057/0479 Time  0.672 ( 0.681) Data  0.034 ( 0.044) Info  0.0126  0.0120  0.0007  0.1823 ( 0.0135  0.0129  0.0006  0.1924)
02-22 23:21:16  INFO - main_logger [oceano_trainer.py line 74] - 7:0067/0479 Time  0.665 ( 0.679) Data  0.034 ( 0.042) Info  0.0120  0.0112  0.0007  0.2075 ( 0.0135  0.0129  0.0006  0.1927)
02-22 23:21:23  INFO - main_logger [oceano_trainer.py line 74] - 7:0077/0479 Time  0.657 ( 0.677) Data  0.034 ( 0.041) Info  0.0130  0.0122  0.0007  0.1947 ( 0.0135  0.0129  0.0006  0.1928)
02-22 23:21:29  INFO - main_logger [oceano_trainer.py line 74] - 7:0087/0479 Time  0.675 ( 0.676) Data  0.034 ( 0.040) Info  0.0158  0.0151  0.0007  0.1973 ( 0.0136  0.0130  0.0006  0.1938)
02-22 23:21:36  INFO - main_logger [oceano_trainer.py line 74] - 7:0097/0479 Time  0.670 ( 0.675) Data  0.034 ( 0.040) Info  0.0111  0.0104  0.0007  0.1768 ( 0.0136  0.0130  0.0006  0.1934)
02-22 23:21:43  INFO - main_logger [oceano_trainer.py line 74] - 7:0107/0479 Time  0.658 ( 0.675) Data  0.034 ( 0.039) Info  0.0141  0.0134  0.0006  0.1992 ( 0.0136  0.0130  0.0006  0.1933)
02-22 23:21:49  INFO - main_logger [oceano_trainer.py line 74] - 7:0117/0479 Time  0.669 ( 0.674) Data  0.034 ( 0.039) Info  0.0135  0.0129  0.0006  0.1933 ( 0.0137  0.0130  0.0006  0.1937)
02-22 23:21:56  INFO - main_logger [oceano_trainer.py line 74] - 7:0127/0479 Time  0.668 ( 0.674) Data  0.033 ( 0.038) Info  0.0126  0.0120  0.0006  0.1787 ( 0.0137  0.0131  0.0006  0.1938)
02-22 23:22:03  INFO - main_logger [oceano_trainer.py line 74] - 7:0137/0479 Time  0.665 ( 0.673) Data  0.034 ( 0.038) Info  0.0135  0.0129  0.0006  0.1966 ( 0.0137  0.0131  0.0006  0.1936)
02-22 23:22:09  INFO - main_logger [oceano_trainer.py line 74] - 7:0147/0479 Time  0.672 ( 0.673) Data  0.034 ( 0.038) Info  0.0114  0.0107  0.0007  0.1993 ( 0.0138  0.0131  0.0006  0.1936)
02-22 23:22:16  INFO - main_logger [oceano_trainer.py line 74] - 7:0157/0479 Time  0.662 ( 0.672) Data  0.034 ( 0.037) Info  0.0126  0.0120  0.0007  0.1946 ( 0.0137  0.0131  0.0006  0.1935)
02-22 23:22:23  INFO - main_logger [oceano_trainer.py line 74] - 7:0167/0479 Time  0.673 ( 0.672) Data  0.034 ( 0.037) Info  0.0123  0.0117  0.0006  0.1940 ( 0.0137  0.0130  0.0006  0.1933)
02-22 23:22:29  INFO - main_logger [oceano_trainer.py line 74] - 7:0177/0479 Time  0.667 ( 0.672) Data  0.034 ( 0.037) Info  0.0132  0.0126  0.0006  0.1991 ( 0.0136  0.0130  0.0006  0.1933)
02-22 23:22:36  INFO - main_logger [oceano_trainer.py line 74] - 7:0187/0479 Time  0.665 ( 0.671) Data  0.034 ( 0.037) Info  0.0141  0.0135  0.0006  0.1930 ( 0.0136  0.0130  0.0006  0.1933)
02-22 23:22:43  INFO - main_logger [oceano_trainer.py line 74] - 7:0197/0479 Time  0.676 ( 0.671) Data  0.034 ( 0.037) Info  0.0160  0.0152  0.0008  0.2151 ( 0.0136  0.0130  0.0006  0.1933)
02-22 23:22:49  INFO - main_logger [oceano_trainer.py line 74] - 7:0207/0479 Time  0.667 ( 0.671) Data  0.034 ( 0.037) Info  0.0150  0.0144  0.0007  0.2091 ( 0.0136  0.0130  0.0006  0.1933)
02-22 23:22:56  INFO - main_logger [oceano_trainer.py line 74] - 7:0217/0479 Time  0.666 ( 0.671) Data  0.034 ( 0.036) Info  0.0145  0.0139  0.0007  0.1930 ( 0.0136  0.0129  0.0006  0.1932)
02-22 23:23:03  INFO - main_logger [oceano_trainer.py line 74] - 7:0227/0479 Time  0.668 ( 0.670) Data  0.034 ( 0.036) Info  0.0126  0.0120  0.0007  0.1895 ( 0.0136  0.0130  0.0006  0.1931)
02-22 23:23:09  INFO - main_logger [oceano_trainer.py line 74] - 7:0237/0479 Time  0.670 ( 0.670) Data  0.034 ( 0.036) Info  0.0140  0.0133  0.0007  0.1769 ( 0.0136  0.0130  0.0006  0.1931)
02-22 23:23:16  INFO - main_logger [oceano_trainer.py line 74] - 7:0247/0479 Time  0.658 ( 0.670) Data  0.034 ( 0.036) Info  0.0134  0.0127  0.0007  0.2086 ( 0.0136  0.0130  0.0006  0.1933)
02-22 23:23:23  INFO - main_logger [oceano_trainer.py line 74] - 7:0257/0479 Time  0.662 ( 0.670) Data  0.034 ( 0.036) Info  0.0144  0.0137  0.0007  0.2135 ( 0.0136  0.0130  0.0006  0.1932)
02-22 23:23:29  INFO - main_logger [oceano_trainer.py line 74] - 7:0267/0479 Time  0.670 ( 0.670) Data  0.034 ( 0.036) Info  0.0138  0.0133  0.0006  0.1852 ( 0.0137  0.0130  0.0006  0.1935)
02-22 23:23:36  INFO - main_logger [oceano_trainer.py line 74] - 7:0277/0479 Time  0.660 ( 0.669) Data  0.034 ( 0.036) Info  0.0153  0.0146  0.0007  0.2043 ( 0.0137  0.0130  0.0006  0.1935)
02-22 23:23:43  INFO - main_logger [oceano_trainer.py line 74] - 7:0287/0479 Time  0.663 ( 0.669) Data  0.034 ( 0.036) Info  0.0137  0.0131  0.0006  0.1809 ( 0.0136  0.0130  0.0006  0.1934)
02-22 23:23:49  INFO - main_logger [oceano_trainer.py line 74] - 7:0297/0479 Time  0.671 ( 0.669) Data  0.034 ( 0.036) Info  0.0126  0.0118  0.0008  0.1982 ( 0.0136  0.0130  0.0006  0.1933)
02-22 23:23:56  INFO - main_logger [oceano_trainer.py line 74] - 7:0307/0479 Time  0.666 ( 0.669) Data  0.035 ( 0.036) Info  0.0127  0.0120  0.0007  0.2032 ( 0.0136  0.0130  0.0006  0.1933)
02-22 23:24:03  INFO - main_logger [oceano_trainer.py line 74] - 7:0317/0479 Time  0.667 ( 0.669) Data  0.034 ( 0.036) Info  0.0149  0.0143  0.0006  0.2082 ( 0.0137  0.0130  0.0006  0.1933)
02-22 23:24:09  INFO - main_logger [oceano_trainer.py line 74] - 7:0327/0479 Time  0.666 ( 0.669) Data  0.034 ( 0.036) Info  0.0142  0.0136  0.0006  0.1967 ( 0.0137  0.0131  0.0006  0.1935)
02-22 23:24:16  INFO - main_logger [oceano_trainer.py line 74] - 7:0337/0479 Time  0.671 ( 0.669) Data  0.034 ( 0.036) Info  0.0124  0.0117  0.0007  0.1951 ( 0.0137  0.0131  0.0006  0.1935)
02-22 23:24:23  INFO - main_logger [oceano_trainer.py line 74] - 7:0347/0479 Time  0.667 ( 0.669) Data  0.034 ( 0.035) Info  0.0116  0.0109  0.0006  0.1859 ( 0.0137  0.0131  0.0006  0.1935)
02-22 23:24:29  INFO - main_logger [oceano_trainer.py line 74] - 7:0357/0479 Time  0.675 ( 0.669) Data  0.034 ( 0.035) Info  0.0141  0.0135  0.0006  0.1918 ( 0.0137  0.0131  0.0006  0.1936)
02-22 23:24:36  INFO - main_logger [oceano_trainer.py line 74] - 7:0367/0479 Time  0.673 ( 0.669) Data  0.034 ( 0.035) Info  0.0169  0.0163  0.0006  0.1947 ( 0.0138  0.0131  0.0006  0.1936)
02-22 23:24:43  INFO - main_logger [oceano_trainer.py line 74] - 7:0377/0479 Time  0.664 ( 0.669) Data  0.034 ( 0.035) Info  0.0117  0.0111  0.0007  0.1792 ( 0.0137  0.0131  0.0006  0.1935)
02-22 23:24:49  INFO - main_logger [oceano_trainer.py line 74] - 7:0387/0479 Time  0.668 ( 0.669) Data  0.034 ( 0.035) Info  0.0151  0.0146  0.0006  0.1808 ( 0.0137  0.0131  0.0006  0.1934)
02-22 23:24:56  INFO - main_logger [oceano_trainer.py line 74] - 7:0397/0479 Time  0.662 ( 0.669) Data  0.034 ( 0.035) Info  0.0131  0.0125  0.0007  0.2032 ( 0.0137  0.0131  0.0006  0.1934)
02-22 23:25:03  INFO - main_logger [oceano_trainer.py line 74] - 7:0407/0479 Time  0.666 ( 0.669) Data  0.034 ( 0.035) Info  0.0120  0.0114  0.0006  0.1944 ( 0.0137  0.0131  0.0006  0.1933)
02-22 23:25:09  INFO - main_logger [oceano_trainer.py line 74] - 7:0417/0479 Time  0.661 ( 0.669) Data  0.034 ( 0.035) Info  0.0116  0.0110  0.0006  0.1933 ( 0.0137  0.0130  0.0006  0.1933)
02-22 23:25:16  INFO - main_logger [oceano_trainer.py line 74] - 7:0427/0479 Time  0.671 ( 0.669) Data  0.034 ( 0.035) Info  0.0114  0.0107  0.0007  0.1917 ( 0.0137  0.0130  0.0006  0.1934)
02-22 23:25:23  INFO - main_logger [oceano_trainer.py line 74] - 7:0437/0479 Time  0.659 ( 0.669) Data  0.034 ( 0.035) Info  0.0120  0.0113  0.0007  0.1947 ( 0.0136  0.0130  0.0006  0.1933)
02-22 23:25:29  INFO - main_logger [oceano_trainer.py line 74] - 7:0447/0479 Time  0.672 ( 0.669) Data  0.034 ( 0.035) Info  0.0114  0.0108  0.0006  0.1889 ( 0.0137  0.0130  0.0006  0.1934)
02-22 23:25:36  INFO - main_logger [oceano_trainer.py line 74] - 7:0457/0479 Time  0.664 ( 0.669) Data  0.034 ( 0.035) Info  0.0138  0.0132  0.0006  0.1785 ( 0.0137  0.0130  0.0006  0.1934)
02-22 23:25:43  INFO - main_logger [oceano_trainer.py line 74] - 7:0467/0479 Time  0.671 ( 0.669) Data  0.034 ( 0.035) Info  0.0112  0.0106  0.0006  0.1932 ( 0.0136  0.0130  0.0006  0.1934)
02-22 23:25:49  INFO - main_logger [oceano_trainer.py line 74] - 7:0477/0479 Time  0.662 ( 0.669) Data  0.033 ( 0.035) Info  0.0142  0.0135  0.0007  0.2119 ( 0.0137  0.0130  0.0006  0.1936)
02-22 23:25:57  INFO - main_logger [oceano_trainer.py line 74] - 8:0008/0479 Time  0.662 ( 0.748) Data  0.034 ( 0.101) Info  0.0145  0.0139  0.0007  0.1947 ( 0.0143  0.0136  0.0006  0.1935)
02-22 23:26:04  INFO - main_logger [oceano_trainer.py line 74] - 8:0018/0479 Time  0.666 ( 0.705) Data  0.034 ( 0.066) Info  0.0142  0.0136  0.0005  0.1841 ( 0.0141  0.0135  0.0007  0.1947)
02-22 23:26:10  INFO - main_logger [oceano_trainer.py line 74] - 8:0028/0479 Time  0.665 ( 0.692) Data  0.034 ( 0.055) Info  0.0122  0.0116  0.0006  0.1919 ( 0.0138  0.0131  0.0006  0.1937)
02-22 23:26:17  INFO - main_logger [oceano_trainer.py line 74] - 8:0038/0479 Time  0.671 ( 0.686) Data  0.034 ( 0.049) Info  0.0143  0.0136  0.0006  0.1928 ( 0.0137  0.0131  0.0006  0.1930)
02-22 23:26:24  INFO - main_logger [oceano_trainer.py line 74] - 8:0048/0479 Time  0.666 ( 0.682) Data  0.034 ( 0.046) Info  0.0168  0.0161  0.0007  0.1930 ( 0.0137  0.0131  0.0006  0.1944)
02-22 23:26:30  INFO - main_logger [oceano_trainer.py line 74] - 8:0058/0479 Time  0.670 ( 0.680) Data  0.034 ( 0.044) Info  0.0138  0.0132  0.0006  0.1859 ( 0.0137  0.0131  0.0006  0.1949)
02-22 23:26:37  INFO - main_logger [oceano_trainer.py line 74] - 8:0068/0479 Time  0.675 ( 0.679) Data  0.034 ( 0.043) Info  0.0137  0.0130  0.0007  0.1915 ( 0.0137  0.0131  0.0006  0.1944)
02-22 23:26:44  INFO - main_logger [oceano_trainer.py line 74] - 8:0078/0479 Time  0.668 ( 0.677) Data  0.034 ( 0.042) Info  0.0150  0.0143  0.0006  0.2044 ( 0.0137  0.0130  0.0006  0.1942)
02-22 23:26:50  INFO - main_logger [oceano_trainer.py line 74] - 8:0088/0479 Time  0.664 ( 0.677) Data  0.034 ( 0.041) Info  0.0146  0.0139  0.0007  0.2068 ( 0.0137  0.0131  0.0006  0.1947)
02-22 23:26:57  INFO - main_logger [oceano_trainer.py line 74] - 8:0098/0479 Time  0.669 ( 0.676) Data  0.034 ( 0.040) Info  0.0133  0.0127  0.0007  0.1934 ( 0.0137  0.0131  0.0006  0.1946)
02-22 23:27:04  INFO - main_logger [oceano_trainer.py line 74] - 8:0108/0479 Time  0.667 ( 0.675) Data  0.034 ( 0.039) Info  0.0123  0.0116  0.0006  0.1984 ( 0.0137  0.0131  0.0006  0.1948)
02-22 23:27:10  INFO - main_logger [oceano_trainer.py line 74] - 8:0118/0479 Time  0.664 ( 0.674) Data  0.034 ( 0.039) Info  0.0124  0.0117  0.0006  0.1936 ( 0.0137  0.0131  0.0006  0.1951)
02-22 23:27:17  INFO - main_logger [oceano_trainer.py line 74] - 8:0128/0479 Time  0.657 ( 0.674) Data  0.034 ( 0.039) Info  0.0112  0.0105  0.0007  0.1920 ( 0.0137  0.0130  0.0006  0.1950)
02-22 23:27:24  INFO - main_logger [oceano_trainer.py line 74] - 8:0138/0479 Time  0.667 ( 0.673) Data  0.034 ( 0.038) Info  0.0128  0.0121  0.0007  0.1889 ( 0.0137  0.0131  0.0006  0.1949)
02-22 23:27:30  INFO - main_logger [oceano_trainer.py line 74] - 8:0148/0479 Time  0.666 ( 0.673) Data  0.034 ( 0.038) Info  0.0138  0.0132  0.0006  0.2037 ( 0.0137  0.0131  0.0006  0.1950)
02-22 23:27:37  INFO - main_logger [oceano_trainer.py line 74] - 8:0158/0479 Time  0.671 ( 0.672) Data  0.034 ( 0.038) Info  0.0128  0.0122  0.0006  0.2097 ( 0.0137  0.0131  0.0006  0.1951)
02-22 23:27:44  INFO - main_logger [oceano_trainer.py line 74] - 8:0168/0479 Time  0.666 ( 0.672) Data  0.034 ( 0.037) Info  0.0155  0.0149  0.0006  0.1916 ( 0.0137  0.0131  0.0006  0.1950)
02-22 23:27:50  INFO - main_logger [oceano_trainer.py line 74] - 8:0178/0479 Time  0.660 ( 0.672) Data  0.034 ( 0.037) Info  0.0140  0.0134  0.0006  0.2016 ( 0.0137  0.0131  0.0006  0.1948)
02-22 23:27:57  INFO - main_logger [oceano_trainer.py line 74] - 8:0188/0479 Time  0.665 ( 0.671) Data  0.034 ( 0.037) Info  0.0128  0.0121  0.0007  0.1986 ( 0.0138  0.0131  0.0006  0.1952)
02-22 23:28:04  INFO - main_logger [oceano_trainer.py line 74] - 8:0198/0479 Time  0.660 ( 0.671) Data  0.034 ( 0.037) Info  0.0160  0.0153  0.0007  0.1920 ( 0.0138  0.0131  0.0006  0.1954)
02-22 23:28:10  INFO - main_logger [oceano_trainer.py line 74] - 8:0208/0479 Time  0.655 ( 0.671) Data  0.034 ( 0.037) Info  0.0129  0.0123  0.0006  0.1992 ( 0.0137  0.0131  0.0006  0.1952)
02-22 23:28:17  INFO - main_logger [oceano_trainer.py line 74] - 8:0218/0479 Time  0.656 ( 0.670) Data  0.034 ( 0.037) Info  0.0152  0.0146  0.0006  0.1969 ( 0.0137  0.0131  0.0006  0.1954)
02-22 23:28:24  INFO - main_logger [oceano_trainer.py line 74] - 8:0228/0479 Time  0.673 ( 0.670) Data  0.034 ( 0.037) Info  0.0121  0.0115  0.0006  0.1914 ( 0.0137  0.0130  0.0006  0.1950)
02-22 23:28:30  INFO - main_logger [oceano_trainer.py line 74] - 8:0238/0479 Time  0.672 ( 0.670) Data  0.034 ( 0.036) Info  0.0122  0.0116  0.0007  0.1905 ( 0.0137  0.0131  0.0006  0.1950)
02-22 23:28:37  INFO - main_logger [oceano_trainer.py line 74] - 8:0248/0479 Time  0.667 ( 0.670) Data  0.034 ( 0.036) Info  0.0156  0.0149  0.0006  0.1787 ( 0.0137  0.0131  0.0006  0.1949)
02-22 23:28:44  INFO - main_logger [oceano_trainer.py line 74] - 8:0258/0479 Time  0.668 ( 0.670) Data  0.034 ( 0.036) Info  0.0109  0.0102  0.0007  0.1888 ( 0.0137  0.0130  0.0006  0.1948)
02-22 23:28:50  INFO - main_logger [oceano_trainer.py line 74] - 8:0268/0479 Time  0.670 ( 0.670) Data  0.034 ( 0.036) Info  0.0142  0.0135  0.0007  0.2037 ( 0.0137  0.0130  0.0006  0.1948)
02-22 23:28:57  INFO - main_logger [oceano_trainer.py line 74] - 8:0278/0479 Time  0.666 ( 0.669) Data  0.034 ( 0.036) Info  0.0149  0.0143  0.0006  0.1814 ( 0.0137  0.0130  0.0006  0.1947)
02-22 23:29:04  INFO - main_logger [oceano_trainer.py line 74] - 8:0288/0479 Time  0.668 ( 0.669) Data  0.034 ( 0.036) Info  0.0131  0.0124  0.0007  0.1911 ( 0.0136  0.0130  0.0006  0.1946)
02-22 23:29:10  INFO - main_logger [oceano_trainer.py line 74] - 8:0298/0479 Time  0.666 ( 0.669) Data  0.034 ( 0.036) Info  0.0140  0.0133  0.0006  0.1940 ( 0.0136  0.0130  0.0006  0.1946)
02-22 23:29:17  INFO - main_logger [oceano_trainer.py line 74] - 8:0308/0479 Time  0.664 ( 0.669) Data  0.033 ( 0.036) Info  0.0118  0.0112  0.0006  0.1913 ( 0.0136  0.0130  0.0006  0.1946)
02-22 23:29:24  INFO - main_logger [oceano_trainer.py line 74] - 8:0318/0479 Time  0.668 ( 0.669) Data  0.034 ( 0.036) Info  0.0135  0.0128  0.0007  0.1971 ( 0.0136  0.0130  0.0006  0.1946)
02-22 23:29:30  INFO - main_logger [oceano_trainer.py line 74] - 8:0328/0479 Time  0.666 ( 0.669) Data  0.034 ( 0.036) Info  0.0131  0.0126  0.0006  0.2111 ( 0.0136  0.0130  0.0006  0.1947)
02-22 23:29:37  INFO - main_logger [oceano_trainer.py line 74] - 8:0338/0479 Time  0.663 ( 0.669) Data  0.034 ( 0.036) Info  0.0121  0.0114  0.0007  0.1835 ( 0.0136  0.0130  0.0006  0.1945)
02-22 23:29:44  INFO - main_logger [oceano_trainer.py line 74] - 8:0348/0479 Time  0.665 ( 0.669) Data  0.034 ( 0.036) Info  0.0129  0.0122  0.0006  0.1866 ( 0.0136  0.0130  0.0006  0.1944)
02-22 23:29:50  INFO - main_logger [oceano_trainer.py line 74] - 8:0358/0479 Time  0.668 ( 0.669) Data  0.034 ( 0.036) Info  0.0144  0.0138  0.0006  0.1909 ( 0.0136  0.0130  0.0006  0.1944)
02-22 23:29:57  INFO - main_logger [oceano_trainer.py line 74] - 8:0368/0479 Time  0.666 ( 0.669) Data  0.034 ( 0.036) Info  0.0121  0.0115  0.0006  0.1883 ( 0.0136  0.0130  0.0006  0.1944)
02-22 23:30:04  INFO - main_logger [oceano_trainer.py line 74] - 8:0378/0479 Time  0.671 ( 0.669) Data  0.034 ( 0.035) Info  0.0129  0.0123  0.0006  0.1834 ( 0.0136  0.0130  0.0006  0.1943)
02-22 23:30:10  INFO - main_logger [oceano_trainer.py line 74] - 8:0388/0479 Time  0.677 ( 0.669) Data  0.034 ( 0.035) Info  0.0135  0.0129  0.0006  0.1822 ( 0.0136  0.0129  0.0006  0.1942)
02-22 23:30:17  INFO - main_logger [oceano_trainer.py line 74] - 8:0398/0479 Time  0.675 ( 0.669) Data  0.034 ( 0.035) Info  0.0131  0.0124  0.0007  0.2131 ( 0.0136  0.0129  0.0006  0.1944)
02-22 23:30:24  INFO - main_logger [oceano_trainer.py line 74] - 8:0408/0479 Time  0.677 ( 0.669) Data  0.034 ( 0.035) Info  0.0105  0.0099  0.0007  0.1875 ( 0.0136  0.0130  0.0006  0.1943)
02-22 23:30:30  INFO - main_logger [oceano_trainer.py line 74] - 8:0418/0479 Time  0.681 ( 0.669) Data  0.034 ( 0.035) Info  0.0135  0.0129  0.0007  0.2060 ( 0.0136  0.0130  0.0006  0.1943)
02-22 23:30:37  INFO - main_logger [oceano_trainer.py line 74] - 8:0428/0479 Time  0.666 ( 0.669) Data  0.033 ( 0.035) Info  0.0145  0.0139  0.0006  0.2006 ( 0.0136  0.0129  0.0006  0.1942)
02-22 23:30:44  INFO - main_logger [oceano_trainer.py line 74] - 8:0438/0479 Time  0.666 ( 0.669) Data  0.034 ( 0.035) Info  0.0113  0.0106  0.0007  0.1961 ( 0.0136  0.0129  0.0006  0.1942)
02-22 23:30:50  INFO - main_logger [oceano_trainer.py line 74] - 8:0448/0479 Time  0.658 ( 0.669) Data  0.034 ( 0.035) Info  0.0122  0.0116  0.0007  0.2189 ( 0.0136  0.0129  0.0006  0.1943)
02-22 23:30:57  INFO - main_logger [oceano_trainer.py line 74] - 8:0458/0479 Time  0.672 ( 0.669) Data  0.034 ( 0.035) Info  0.0155  0.0149  0.0006  0.1790 ( 0.0136  0.0130  0.0006  0.1943)
02-22 23:31:04  INFO - main_logger [oceano_trainer.py line 74] - 8:0468/0479 Time  0.666 ( 0.669) Data  0.034 ( 0.035) Info  0.0149  0.0142  0.0007  0.1931 ( 0.0136  0.0129  0.0006  0.1943)
02-22 23:31:10  INFO - main_logger [oceano_trainer.py line 74] - 8:0478/0479 Time  0.667 ( 0.668) Data  0.033 ( 0.035) Info  0.0135  0.0129  0.0006  0.1879 ( 0.0136  0.0130  0.0006  0.1943)
02-22 23:31:18  INFO - main_logger [oceano_trainer.py line 74] - 9:0009/0479 Time  0.662 ( 0.743) Data  0.034 ( 0.098) Info  0.0119  0.0113  0.0006  0.1830 ( 0.0130  0.0123  0.0007  0.1900)
02-22 23:31:25  INFO - main_logger [oceano_trainer.py line 74] - 9:0019/0479 Time  0.669 ( 0.705) Data  0.034 ( 0.066) Info  0.0149  0.0142  0.0007  0.1966 ( 0.0137  0.0130  0.0007  0.1958)
02-22 23:31:31  INFO - main_logger [oceano_trainer.py line 74] - 9:0029/0479 Time  0.658 ( 0.691) Data  0.034 ( 0.055) Info  0.0118  0.0111  0.0007  0.1977 ( 0.0136  0.0129  0.0007  0.1962)
02-22 23:31:38  INFO - main_logger [oceano_trainer.py line 74] - 9:0039/0479 Time  0.663 ( 0.685) Data  0.034 ( 0.050) Info  0.0137  0.0130  0.0006  0.1980 ( 0.0134  0.0128  0.0007  0.1955)
02-22 23:31:45  INFO - main_logger [oceano_trainer.py line 74] - 9:0049/0479 Time  0.674 ( 0.682) Data  0.034 ( 0.047) Info  0.0178  0.0172  0.0006  0.1842 ( 0.0134  0.0127  0.0007  0.1951)
02-22 23:31:51  INFO - main_logger [oceano_trainer.py line 74] - 9:0059/0479 Time  0.668 ( 0.680) Data  0.034 ( 0.044) Info  0.0116  0.0110  0.0006  0.1813 ( 0.0133  0.0126  0.0006  0.1950)
02-22 23:31:58  INFO - main_logger [oceano_trainer.py line 74] - 9:0069/0479 Time  0.666 ( 0.678) Data  0.034 ( 0.043) Info  0.0138  0.0132  0.0006  0.1963 ( 0.0133  0.0127  0.0006  0.1949)
02-22 23:32:05  INFO - main_logger [oceano_trainer.py line 74] - 9:0079/0479 Time  0.671 ( 0.677) Data  0.034 ( 0.042) Info  0.0134  0.0127  0.0007  0.2063 ( 0.0133  0.0126  0.0006  0.1952)
02-22 23:32:11  INFO - main_logger [oceano_trainer.py line 74] - 9:0089/0479 Time  0.666 ( 0.676) Data  0.034 ( 0.041) Info  0.0130  0.0124  0.0006  0.1844 ( 0.0133  0.0127  0.0006  0.1948)
02-22 23:32:18  INFO - main_logger [oceano_trainer.py line 74] - 9:0099/0479 Time  0.666 ( 0.675) Data  0.034 ( 0.040) Info  0.0163  0.0157  0.0006  0.2020 ( 0.0134  0.0128  0.0006  0.1948)
02-22 23:32:25  INFO - main_logger [oceano_trainer.py line 74] - 9:0109/0479 Time  0.670 ( 0.675) Data  0.034 ( 0.040) Info  0.0119  0.0112  0.0007  0.1866 ( 0.0135  0.0128  0.0006  0.1946)
02-22 23:32:31  INFO - main_logger [oceano_trainer.py line 74] - 9:0119/0479 Time  0.671 ( 0.674) Data  0.034 ( 0.039) Info  0.0134  0.0127  0.0006  0.1970 ( 0.0135  0.0129  0.0006  0.1946)
02-22 23:32:38  INFO - main_logger [oceano_trainer.py line 74] - 9:0129/0479 Time  0.663 ( 0.674) Data  0.033 ( 0.039) Info  0.0106  0.0099  0.0006  0.1882 ( 0.0135  0.0129  0.0006  0.1946)
02-22 23:32:45  INFO - main_logger [oceano_trainer.py line 74] - 9:0139/0479 Time  0.661 ( 0.673) Data  0.034 ( 0.038) Info  0.0132  0.0125  0.0007  0.1783 ( 0.0136  0.0129  0.0006  0.1947)
02-22 23:32:51  INFO - main_logger [oceano_trainer.py line 74] - 9:0149/0479 Time  0.670 ( 0.673) Data  0.034 ( 0.038) Info  0.0120  0.0114  0.0006  0.1998 ( 0.0136  0.0129  0.0006  0.1947)
02-22 23:32:58  INFO - main_logger [oceano_trainer.py line 74] - 9:0159/0479 Time  0.674 ( 0.672) Data  0.034 ( 0.038) Info  0.0143  0.0137  0.0006  0.2046 ( 0.0136  0.0129  0.0006  0.1950)
02-22 23:33:05  INFO - main_logger [oceano_trainer.py line 74] - 9:0169/0479 Time  0.669 ( 0.672) Data  0.034 ( 0.038) Info  0.0124  0.0118  0.0007  0.1869 ( 0.0136  0.0130  0.0006  0.1952)
02-22 23:33:11  INFO - main_logger [oceano_trainer.py line 74] - 9:0179/0479 Time  0.660 ( 0.672) Data  0.034 ( 0.037) Info  0.0134  0.0127  0.0006  0.1957 ( 0.0136  0.0130  0.0006  0.1953)
02-22 23:33:18  INFO - main_logger [oceano_trainer.py line 74] - 9:0189/0479 Time  0.671 ( 0.672) Data  0.034 ( 0.037) Info  0.0164  0.0157  0.0007  0.1989 ( 0.0137  0.0130  0.0006  0.1955)
02-22 23:33:25  INFO - main_logger [oceano_trainer.py line 74] - 9:0199/0479 Time  0.670 ( 0.671) Data  0.034 ( 0.037) Info  0.0155  0.0148  0.0007  0.1959 ( 0.0137  0.0130  0.0006  0.1955)
02-22 23:33:31  INFO - main_logger [oceano_trainer.py line 74] - 9:0209/0479 Time  0.661 ( 0.671) Data  0.034 ( 0.037) Info  0.0117  0.0111  0.0007  0.1824 ( 0.0136  0.0130  0.0006  0.1950)
02-22 23:33:38  INFO - main_logger [oceano_trainer.py line 74] - 9:0219/0479 Time  0.670 ( 0.671) Data  0.034 ( 0.037) Info  0.0103  0.0096  0.0007  0.1822 ( 0.0136  0.0130  0.0006  0.1948)
02-22 23:33:45  INFO - main_logger [oceano_trainer.py line 74] - 9:0229/0479 Time  0.666 ( 0.671) Data  0.034 ( 0.037) Info  0.0151  0.0146  0.0006  0.2037 ( 0.0136  0.0130  0.0006  0.1948)
02-22 23:33:51  INFO - main_logger [oceano_trainer.py line 74] - 9:0239/0479 Time  0.668 ( 0.671) Data  0.034 ( 0.036) Info  0.0151  0.0145  0.0006  0.1859 ( 0.0136  0.0130  0.0006  0.1947)
02-22 23:33:58  INFO - main_logger [oceano_trainer.py line 74] - 9:0249/0479 Time  0.669 ( 0.671) Data  0.034 ( 0.036) Info  0.0117  0.0110  0.0007  0.1995 ( 0.0136  0.0130  0.0006  0.1948)
02-22 23:34:05  INFO - main_logger [oceano_trainer.py line 74] - 9:0259/0479 Time  0.665 ( 0.670) Data  0.034 ( 0.036) Info  0.0122  0.0115  0.0007  0.1978 ( 0.0136  0.0130  0.0006  0.1950)
02-22 23:34:11  INFO - main_logger [oceano_trainer.py line 74] - 9:0269/0479 Time  0.669 ( 0.670) Data  0.034 ( 0.036) Info  0.0139  0.0133  0.0006  0.1886 ( 0.0136  0.0130  0.0006  0.1950)
02-22 23:34:18  INFO - main_logger [oceano_trainer.py line 74] - 9:0279/0479 Time  0.668 ( 0.670) Data  0.034 ( 0.036) Info  0.0152  0.0146  0.0005  0.1969 ( 0.0136  0.0130  0.0006  0.1948)
02-22 23:34:25  INFO - main_logger [oceano_trainer.py line 74] - 9:0289/0479 Time  0.664 ( 0.670) Data  0.034 ( 0.036) Info  0.0119  0.0112  0.0007  0.1900 ( 0.0136  0.0130  0.0006  0.1949)
02-22 23:34:31  INFO - main_logger [oceano_trainer.py line 74] - 9:0299/0479 Time  0.671 ( 0.670) Data  0.034 ( 0.036) Info  0.0146  0.0140  0.0006  0.2000 ( 0.0136  0.0129  0.0006  0.1950)
02-22 23:34:38  INFO - main_logger [oceano_trainer.py line 74] - 9:0309/0479 Time  0.670 ( 0.670) Data  0.034 ( 0.036) Info  0.0149  0.0143  0.0006  0.2155 ( 0.0136  0.0130  0.0006  0.1952)
02-22 23:34:45  INFO - main_logger [oceano_trainer.py line 74] - 9:0319/0479 Time  0.664 ( 0.670) Data  0.034 ( 0.036) Info  0.0143  0.0138  0.0006  0.1925 ( 0.0136  0.0130  0.0006  0.1952)
02-22 23:34:52  INFO - main_logger [oceano_trainer.py line 74] - 9:0329/0479 Time  0.666 ( 0.670) Data  0.034 ( 0.036) Info  0.0121  0.0114  0.0007  0.1893 ( 0.0136  0.0130  0.0006  0.1951)
02-22 23:34:58  INFO - main_logger [oceano_trainer.py line 74] - 9:0339/0479 Time  0.668 ( 0.670) Data  0.034 ( 0.036) Info  0.0137  0.0130  0.0007  0.1903 ( 0.0136  0.0129  0.0006  0.1951)
02-22 23:35:05  INFO - main_logger [oceano_trainer.py line 74] - 9:0349/0479 Time  0.666 ( 0.670) Data  0.034 ( 0.036) Info  0.0130  0.0124  0.0006  0.1943 ( 0.0136  0.0129  0.0006  0.1951)
02-22 23:35:12  INFO - main_logger [oceano_trainer.py line 74] - 9:0359/0479 Time  0.662 ( 0.670) Data  0.034 ( 0.036) Info  0.0166  0.0161  0.0006  0.1972 ( 0.0136  0.0129  0.0006  0.1951)
02-22 23:35:18  INFO - main_logger [oceano_trainer.py line 74] - 9:0369/0479 Time  0.675 ( 0.670) Data  0.034 ( 0.036) Info  0.0157  0.0152  0.0006  0.1938 ( 0.0136  0.0129  0.0006  0.1951)
02-22 23:35:25  INFO - main_logger [oceano_trainer.py line 74] - 9:0379/0479 Time  0.670 ( 0.670) Data  0.034 ( 0.036) Info  0.0118  0.0112  0.0007  0.1859 ( 0.0135  0.0129  0.0006  0.1949)
02-22 23:35:32  INFO - main_logger [oceano_trainer.py line 74] - 9:0389/0479 Time  0.669 ( 0.670) Data  0.034 ( 0.035) Info  0.0123  0.0116  0.0007  0.1987 ( 0.0135  0.0129  0.0006  0.1949)
02-22 23:35:38  INFO - main_logger [oceano_trainer.py line 74] - 9:0399/0479 Time  0.662 ( 0.669) Data  0.034 ( 0.035) Info  0.0133  0.0127  0.0006  0.2050 ( 0.0135  0.0129  0.0006  0.1949)
02-22 23:35:45  INFO - main_logger [oceano_trainer.py line 74] - 9:0409/0479 Time  0.674 ( 0.669) Data  0.034 ( 0.035) Info  0.0121  0.0115  0.0007  0.1999 ( 0.0135  0.0129  0.0006  0.1949)
02-22 23:35:52  INFO - main_logger [oceano_trainer.py line 74] - 9:0419/0479 Time  0.673 ( 0.669) Data  0.034 ( 0.035) Info  0.0143  0.0137  0.0007  0.1991 ( 0.0136  0.0129  0.0006  0.1950)
02-22 23:35:58  INFO - main_logger [oceano_trainer.py line 74] - 9:0429/0479 Time  0.658 ( 0.669) Data  0.034 ( 0.035) Info  0.0139  0.0133  0.0006  0.2067 ( 0.0136  0.0129  0.0006  0.1951)
02-22 23:36:05  INFO - main_logger [oceano_trainer.py line 74] - 9:0439/0479 Time  0.670 ( 0.669) Data  0.033 ( 0.035) Info  0.0171  0.0164  0.0006  0.2014 ( 0.0136  0.0129  0.0006  0.1951)
02-22 23:36:12  INFO - main_logger [oceano_trainer.py line 74] - 9:0449/0479 Time  0.675 ( 0.669) Data  0.034 ( 0.035) Info  0.0153  0.0147  0.0006  0.1942 ( 0.0136  0.0129  0.0006  0.1950)
02-22 23:36:18  INFO - main_logger [oceano_trainer.py line 74] - 9:0459/0479 Time  0.660 ( 0.669) Data  0.034 ( 0.035) Info  0.0148  0.0142  0.0006  0.1928 ( 0.0136  0.0129  0.0006  0.1951)
02-22 23:36:25  INFO - main_logger [oceano_trainer.py line 74] - 9:0469/0479 Time  0.672 ( 0.669) Data  0.034 ( 0.035) Info  0.0127  0.0121  0.0007  0.2010 ( 0.0136  0.0129  0.0006  0.1951)
