02-22 22:28:55  INFO - main_logger [logger.py line 26] - Start training
02-22 22:28:55  INFO - main_logger [train.py line 43] - => will save everything to ./outputs/checkpoints/210222/222855
02-22 22:28:55  INFO - main_logger [train.py line 47] - => configurations 
 {'data': {'root_sintel': '/content/drive/MyDrive/data1/',
          'root_sintel_raw': '/content/drive/MyDrive/data1/',
          'run_at': False,
          'test_shape': [448, 1024],
          'train_n_frames': 2,
          'type': 'OCEANO',
          'val_n_frames': 2,
          'val_subsplit': 'val'},
 'data_aug': {'crop': True,
              'hflip': False,
              'para_crop': [384, 640],
              'swap': False},
 'loss': {'alpha': 10,
          'occ_from_back': True,
          'type': 'unflow',
          'w_l1': 0.15,
          'w_scales': [1.0, 1.0, 1.0, 1.0, 0.0],
          'w_sm_scales': [1.0, 0.0, 0.0, 0.0, 0.0],
          'w_smooth': 50.0,
          'w_ssim': 0.85,
          'w_ternary': 0.0,
          'warp_pad': 'border',
          'with_bk': True},
 'model': {'n_frames': 2,
           'reduce_dense': True,
           'type': 'pwclite',
           'upsample': True},
 'save_root': Path('./outputs/checkpoints/210222/222855'),
 'seed': 0,
 'train': {'batch_size': 4,
           'beta': 0.999,
           'bias_decay': 0,
           'epoch_num': 10,
           'epoch_size': 1000,
           'lr': 0.0001,
           'momentum': 0.9,
           'n_gpu': 1,
           'optim': 'adam',
           'pretrained_model': 'checkpoints/Sintel/pwclite_ar.tar',
           'print_freq': 10,
           'record_freq': 50,
           'save_iter': 10000,
           'stage1': {'epoch': 50,
                      'loss': {'occ_from_back': False,
                               'w_l1': 0.0,
                               'w_ssim': 0.0,
                               'w_ternary': 1.0}},
           'val_epoch_size': 1,
           'valid_size': 0,
           'weight_decay': 1e-06,
           'workers': 4},
 'trainer': 'OCEANO_Trainer'}
02-22 22:28:55  INFO - main_logger [basic_train.py line 14] - => fetching img pairs.
02-22 22:28:56  INFO - main_logger [basic_train.py line 20] - 3564 samples found, 1188 train samples and 2376 test samples 
02-22 22:28:58  INFO - main_logger [base_trainer.py line 57] - => using pre-trained weights checkpoints/Sintel/pwclite_ar.tar.
02-22 22:28:58  INFO - main_logger [base_trainer.py line 74] - => setting Adam solver
02-22 22:29:00  INFO - main_logger [oceano_trainer.py line 74] - 0:0000/0297 Time  1.373 ( 1.373) Data  0.722 ( 0.722) Info  0.0167  0.0162  0.0005  0.1259 ( 0.0167  0.0162  0.0005  0.1259)
02-22 22:29:05  INFO - main_logger [oceano_trainer.py line 74] - 0:0010/0297 Time  0.502 ( 0.574) Data  0.149 ( 0.199) Info  0.0162  0.0154  0.0008  0.1390 ( 0.0164  0.0157  0.0007  0.1273)
02-22 22:29:10  INFO - main_logger [oceano_trainer.py line 74] - 0:0020/0297 Time  0.496 ( 0.538) Data  0.149 ( 0.175) Info  0.0152  0.0146  0.0006  0.1294 ( 0.0163  0.0157  0.0007  0.1314)
02-22 22:29:15  INFO - main_logger [oceano_trainer.py line 74] - 0:0030/0297 Time  0.508 ( 0.526) Data  0.149 ( 0.166) Info  0.0158  0.0152  0.0006  0.1417 ( 0.0163  0.0156  0.0007  0.1335)
02-22 22:29:20  INFO - main_logger [oceano_trainer.py line 74] - 0:0040/0297 Time  0.508 ( 0.521) Data  0.152 ( 0.162) Info  0.0158  0.0152  0.0006  0.1534 ( 0.0162  0.0156  0.0007  0.1367)
02-22 22:29:25  INFO - main_logger [oceano_trainer.py line 74] - 0:0050/0297 Time  0.505 ( 0.518) Data  0.151 ( 0.160) Info  0.0152  0.0146  0.0006  0.1502 ( 0.0163  0.0156  0.0006  0.1387)
02-22 22:29:30  INFO - main_logger [oceano_trainer.py line 74] - 0:0060/0297 Time  0.514 ( 0.516) Data  0.152 ( 0.159) Info  0.0162  0.0156  0.0006  0.1299 ( 0.0163  0.0157  0.0006  0.1388)
02-22 22:29:35  INFO - main_logger [oceano_trainer.py line 74] - 0:0070/0297 Time  0.507 ( 0.516) Data  0.153 ( 0.158) Info  0.0124  0.0118  0.0006  0.1338 ( 0.0164  0.0158  0.0006  0.1395)
02-22 22:29:40  INFO - main_logger [oceano_trainer.py line 74] - 0:0080/0297 Time  0.521 ( 0.515) Data  0.156 ( 0.157) Info  0.0160  0.0154  0.0006  0.1407 ( 0.0164  0.0158  0.0006  0.1404)
02-22 22:29:46  INFO - main_logger [oceano_trainer.py line 74] - 0:0090/0297 Time  0.523 ( 0.516) Data  0.155 ( 0.157) Info  0.0195  0.0188  0.0006  0.1616 ( 0.0165  0.0158  0.0006  0.1413)
02-22 22:29:51  INFO - main_logger [oceano_trainer.py line 74] - 0:0100/0297 Time  0.531 ( 0.517) Data  0.155 ( 0.157) Info  0.0160  0.0153  0.0007  0.1425 ( 0.0164  0.0158  0.0006  0.1419)
02-22 22:29:56  INFO - main_logger [oceano_trainer.py line 74] - 0:0110/0297 Time  0.524 ( 0.518) Data  0.158 ( 0.157) Info  0.0154  0.0148  0.0006  0.1382 ( 0.0163  0.0157  0.0006  0.1419)
02-22 22:30:01  INFO - main_logger [oceano_trainer.py line 74] - 0:0120/0297 Time  0.530 ( 0.519) Data  0.159 ( 0.157) Info  0.0143  0.0137  0.0006  0.1392 ( 0.0163  0.0157  0.0006  0.1420)
02-22 22:30:07  INFO - main_logger [oceano_trainer.py line 74] - 0:0130/0297 Time  0.532 ( 0.519) Data  0.159 ( 0.157) Info  0.0170  0.0163  0.0006  0.1580 ( 0.0162  0.0156  0.0006  0.1427)
02-22 22:30:12  INFO - main_logger [oceano_trainer.py line 74] - 0:0140/0297 Time  0.532 ( 0.521) Data  0.161 ( 0.158) Info  0.0156  0.0150  0.0006  0.1410 ( 0.0162  0.0155  0.0006  0.1428)
02-22 22:30:17  INFO - main_logger [oceano_trainer.py line 74] - 0:0150/0297 Time  0.541 ( 0.522) Data  0.163 ( 0.158) Info  0.0158  0.0151  0.0007  0.1466 ( 0.0162  0.0155  0.0006  0.1432)
02-22 22:30:23  INFO - main_logger [oceano_trainer.py line 74] - 0:0160/0297 Time  0.541 ( 0.523) Data  0.164 ( 0.158) Info  0.0178  0.0172  0.0006  0.1477 ( 0.0162  0.0155  0.0006  0.1437)
02-22 22:30:28  INFO - main_logger [oceano_trainer.py line 74] - 0:0170/0297 Time  0.540 ( 0.524) Data  0.166 ( 0.159) Info  0.0164  0.0157  0.0007  0.1504 ( 0.0162  0.0155  0.0006  0.1439)
02-22 22:30:34  INFO - main_logger [oceano_trainer.py line 74] - 0:0180/0297 Time  0.546 ( 0.525) Data  0.165 ( 0.159) Info  0.0156  0.0150  0.0006  0.1601 ( 0.0161  0.0155  0.0006  0.1442)
02-22 22:30:39  INFO - main_logger [oceano_trainer.py line 74] - 0:0190/0297 Time  0.543 ( 0.526) Data  0.162 ( 0.159) Info  0.0141  0.0135  0.0007  0.1509 ( 0.0160  0.0154  0.0006  0.1442)
02-22 22:30:45  INFO - main_logger [oceano_trainer.py line 74] - 0:0200/0297 Time  0.532 ( 0.526) Data  0.161 ( 0.159) Info  0.0156  0.0149  0.0006  0.1445 ( 0.0160  0.0154  0.0006  0.1443)
02-22 22:30:50  INFO - main_logger [oceano_trainer.py line 74] - 0:0210/0297 Time  0.536 ( 0.527) Data  0.160 ( 0.159) Info  0.0145  0.0139  0.0006  0.1523 ( 0.0160  0.0153  0.0006  0.1447)
02-22 22:30:55  INFO - main_logger [oceano_trainer.py line 74] - 0:0220/0297 Time  0.529 ( 0.527) Data  0.160 ( 0.160) Info  0.0146  0.0139  0.0007  0.1611 ( 0.0160  0.0153  0.0006  0.1451)
02-22 22:31:01  INFO - main_logger [oceano_trainer.py line 74] - 0:0230/0297 Time  0.526 ( 0.527) Data  0.159 ( 0.160) Info  0.0162  0.0155  0.0006  0.1455 ( 0.0160  0.0154  0.0006  0.1455)
02-22 22:31:06  INFO - main_logger [oceano_trainer.py line 74] - 0:0240/0297 Time  0.527 ( 0.528) Data  0.158 ( 0.160) Info  0.0165  0.0159  0.0006  0.1446 ( 0.0160  0.0154  0.0006  0.1458)
02-22 22:31:11  INFO - main_logger [oceano_trainer.py line 74] - 0:0250/0297 Time  0.527 ( 0.528) Data  0.158 ( 0.160) Info  0.0135  0.0129  0.0006  0.1601 ( 0.0160  0.0154  0.0006  0.1462)
02-22 22:31:17  INFO - main_logger [oceano_trainer.py line 74] - 0:0260/0297 Time  0.529 ( 0.528) Data  0.158 ( 0.160) Info  0.0155  0.0148  0.0006  0.1350 ( 0.0160  0.0153  0.0006  0.1464)
02-22 22:31:22  INFO - main_logger [oceano_trainer.py line 74] - 0:0270/0297 Time  0.538 ( 0.528) Data  0.159 ( 0.160) Info  0.0148  0.0142  0.0006  0.1621 ( 0.0160  0.0153  0.0006  0.1467)
02-22 22:31:27  INFO - main_logger [oceano_trainer.py line 74] - 0:0280/0297 Time  0.531 ( 0.528) Data  0.159 ( 0.160) Info  0.0150  0.0143  0.0006  0.1485 ( 0.0160  0.0153  0.0006  0.1469)
02-22 22:31:33  INFO - main_logger [oceano_trainer.py line 74] - 0:0290/0297 Time  0.531 ( 0.529) Data  0.160 ( 0.160) Info  0.0153  0.0147  0.0006  0.1529 ( 0.0160  0.0153  0.0006  0.1470)
